2025-03-04 00:21:42 [cluster-ClusterId{value='67c636c8ce8e2309a00c0f74', description='null'}-localhost:27017] INFO  org.mongodb.driver.cluster - Exception in monitor thread while connecting to server localhost:27017
com.mongodb.MongoNodeIsRecoveringException: Command failed with error 11600 (InterruptedAtShutdown): 'interrupted at shutdown' on server localhost:27017. The full response is {"ok": 0.0, "errmsg": "interrupted at shutdown", "code": 11600, "codeName": "InterruptedAtShutdown"}
	at com.mongodb.internal.connection.ProtocolHelper.createSpecialException(ProtocolHelper.java:266)
	at com.mongodb.internal.connection.ProtocolHelper.getCommandFailureException(ProtocolHelper.java:194)
	at com.mongodb.internal.connection.InternalStreamConnection.receiveCommandMessageResponse(InternalStreamConnection.java:418)
	at com.mongodb.internal.connection.InternalStreamConnection.receive(InternalStreamConnection.java:374)
	at com.mongodb.internal.connection.DefaultServerMonitor$ServerMonitorRunnable.lookupServerDescription(DefaultServerMonitor.java:216)
	at com.mongodb.internal.connection.DefaultServerMonitor$ServerMonitorRunnable.run(DefaultServerMonitor.java:152)
	at java.base/java.lang.Thread.run(Thread.java:833)
2025-03-04 00:21:56 [cluster-ClusterId{value='67c636c8ce8e2309a00c0f74', description='null'}-localhost:27017] INFO  org.mongodb.driver.cluster - Exception in monitor thread while connecting to server localhost:27017
com.mongodb.MongoSocketOpenException: Exception opening socket
	at com.mongodb.internal.connection.AsynchronousSocketChannelStream$OpenCompletionHandler.failed(AsynchronousSocketChannelStream.java:124)
	at java.base/sun.nio.ch.Invoker.invokeUnchecked(Invoker.java:131)
	at java.base/sun.nio.ch.Invoker.invokeDirect(Invoker.java:160)
	at java.base/sun.nio.ch.Invoker.invoke(Invoker.java:188)
	at java.base/sun.nio.ch.Invoker.invoke(Invoker.java:300)
	at java.base/sun.nio.ch.WindowsAsynchronousSocketChannelImpl$ConnectTask.failed(WindowsAsynchronousSocketChannelImpl.java:308)
	at java.base/sun.nio.ch.Iocp$EventHandlerTask.run(Iocp.java:389)
	at java.base/sun.nio.ch.AsynchronousChannelGroupImpl$1.run(AsynchronousChannelGroupImpl.java:113)
	at java.base/java.util.concurrent.ThreadPoolExecutor.runWorker(ThreadPoolExecutor.java:1136)
	at java.base/java.util.concurrent.ThreadPoolExecutor$Worker.run(ThreadPoolExecutor.java:635)
	at java.base/java.lang.Thread.run(Thread.java:833)
Caused by: java.io.IOException: The remote computer refused the network connection
	at java.base/sun.nio.ch.Iocp.translateErrorToIOException(Iocp.java:299)
	... 5 common frames omitted
2025-03-04 11:34:15 [restartedMain] INFO  c.s.b.BootcampMicroservicesApplication - Starting BootcampMicroservicesApplication using Java 17.0.2 on DESKTOP-9I11CUN with PID 17092 (D:\WORK\NTT_DATA\entregableFinal\MICROSERVICES\microservice_customer_service\target\classes started by coyaks in D:\WORK\NTT_DATA\entregableFinal\MICROSERVICES\microservice_customer_service)
2025-03-04 11:34:15 [restartedMain] INFO  c.s.b.BootcampMicroservicesApplication - No active profile set, falling back to 1 default profile: "default"
2025-03-04 11:34:16 [restartedMain] INFO  o.s.b.d.e.DevToolsPropertyDefaultsPostProcessor - Devtools property defaults active! Set 'spring.devtools.add-properties' to 'false' to disable
2025-03-04 11:34:16 [restartedMain] INFO  o.s.b.d.e.DevToolsPropertyDefaultsPostProcessor - For additional web related logging consider setting the 'logging.level.web' property to 'DEBUG'
2025-03-04 11:34:16 [restartedMain] INFO  o.s.d.r.c.RepositoryConfigurationDelegate - Multiple Spring Data modules found, entering strict repository configuration mode!
2025-03-04 11:34:16 [restartedMain] INFO  o.s.d.r.c.RepositoryConfigurationDelegate - Bootstrapping Spring Data Reactive MongoDB repositories in DEFAULT mode.
2025-03-04 11:34:16 [restartedMain] INFO  o.s.d.r.c.RepositoryConfigurationDelegate - Finished Spring Data repository scanning in 105 ms. Found 1 Reactive MongoDB repository interfaces.
2025-03-04 11:34:17 [restartedMain] INFO  o.s.b.w.e.tomcat.TomcatWebServer - Tomcat initialized with port(s): 9001 (http)
2025-03-04 11:34:17 [restartedMain] INFO  o.a.coyote.http11.Http11NioProtocol - Initializing ProtocolHandler ["http-nio-9001"]
2025-03-04 11:34:17 [restartedMain] INFO  o.a.catalina.core.StandardService - Starting service [Tomcat]
2025-03-04 11:34:17 [restartedMain] INFO  o.a.catalina.core.StandardEngine - Starting Servlet engine: [Apache Tomcat/9.0.60]
2025-03-04 11:34:17 [restartedMain] INFO  o.a.c.c.C.[Tomcat].[localhost].[/] - Initializing Spring embedded WebApplicationContext
2025-03-04 11:34:17 [restartedMain] INFO  o.s.b.w.s.c.ServletWebServerApplicationContext - Root WebApplicationContext: initialization completed in 1220 ms
2025-03-04 11:34:17 [restartedMain] INFO  org.mongodb.driver.cluster - Cluster created with settings {hosts=[localhost:27017], mode=SINGLE, requiredClusterType=UNKNOWN, serverSelectionTimeout='30000 ms'}
2025-03-04 11:34:17 [cluster-rtt-ClusterId{value='67c72b890b131065e5317dd5', description='null'}-localhost:27017] INFO  org.mongodb.driver.connection - Opened connection [connectionId{localValue:1, serverValue:1}] to localhost:27017
2025-03-04 11:34:17 [cluster-ClusterId{value='67c72b890b131065e5317dd5', description='null'}-localhost:27017] INFO  org.mongodb.driver.connection - Opened connection [connectionId{localValue:2, serverValue:2}] to localhost:27017
2025-03-04 11:34:17 [cluster-ClusterId{value='67c72b890b131065e5317dd5', description='null'}-localhost:27017] INFO  org.mongodb.driver.cluster - Monitor thread successfully connected to server with description ServerDescription{address=localhost:27017, type=STANDALONE, state=CONNECTED, ok=true, minWireVersion=0, maxWireVersion=25, maxDocumentSize=16777216, logicalSessionTimeoutMinutes=30, roundTripTimeNanos=24393000}
2025-03-04 11:34:17 [restartedMain] INFO  o.s.b.d.a.OptionalLiveReloadServer - LiveReload server is running on port 35729
2025-03-04 11:34:17 [restartedMain] INFO  o.a.coyote.http11.Http11NioProtocol - Starting ProtocolHandler ["http-nio-9001"]
2025-03-04 11:34:17 [restartedMain] INFO  o.s.b.w.e.tomcat.TomcatWebServer - Tomcat started on port(s): 9001 (http) with context path ''
2025-03-04 11:34:17 [restartedMain] INFO  c.s.b.BootcampMicroservicesApplication - Started BootcampMicroservicesApplication in 2.366 seconds (JVM running for 3.198)
2025-03-04 11:35:51 [http-nio-9001-exec-5] INFO  o.a.c.c.C.[Tomcat].[localhost].[/] - Initializing Spring DispatcherServlet 'dispatcherServlet'
2025-03-04 11:35:51 [http-nio-9001-exec-5] INFO  o.s.web.servlet.DispatcherServlet - Initializing Servlet 'dispatcherServlet'
2025-03-04 11:35:51 [http-nio-9001-exec-5] INFO  o.s.web.servlet.DispatcherServlet - Completed initialization in 0 ms
2025-03-04 11:35:51 [http-nio-9001-exec-5] INFO  c.s.b.controller.CustomerController - Fetching all customers
2025-03-04 11:35:51 [Thread-16] INFO  org.mongodb.driver.connection - Opened connection [connectionId{localValue:3, serverValue:9}] to localhost:27017
2025-03-04 11:35:51 [Thread-16] INFO  c.s.b.controller.CustomerController - Customer found: CustomerDTO(id=67bc5049652bf702f7552f25, customerType=PERSONAL, name=Coyaks, surname=Perez, documentType=DNI, documentNumber=12345678, email=coyaks@example.com, phone=999999999)
2025-03-04 11:35:51 [Thread-16] INFO  c.s.b.controller.CustomerController - Customer found: CustomerDTO(id=67be562286d43e7cd15520ce, customerType=PERSONAL, name=Felix, surname=Perez, documentType=DNI, documentNumber=88888888, email=felix@example.com, phone=999999999)
2025-03-04 11:35:51 [Thread-16] INFO  c.s.b.controller.CustomerController - Customer found: CustomerDTO(id=67beb2df5c8259362896dff6, customerType=EMPRESARIAL, name=INNOVACODERS SOLUCIONES TECNOLOGICAS, surname=, documentType=RUC, documentNumber=20612226599, email=innovacoders@example.com, phone=999999999)
2025-03-04 11:35:51 [Thread-16] INFO  c.s.b.controller.CustomerController - All customers fetched successfully.
2025-03-04 12:04:52 [restartedMain] INFO  c.s.b.BootcampMicroservicesApplication - Starting BootcampMicroservicesApplication using Java 17.0.2 on DESKTOP-9I11CUN with PID 31972 (D:\WORK\NTT_DATA\entregableFinal\MICROSERVICES\microservice_customer_service\target\classes started by coyaks in D:\WORK\NTT_DATA\entregableFinal\MICROSERVICES\microservice_customer_service)
2025-03-04 12:04:52 [restartedMain] INFO  c.s.b.BootcampMicroservicesApplication - No active profile set, falling back to 1 default profile: "default"
2025-03-04 12:04:53 [restartedMain] INFO  o.s.b.d.e.DevToolsPropertyDefaultsPostProcessor - Devtools property defaults active! Set 'spring.devtools.add-properties' to 'false' to disable
2025-03-04 12:04:53 [restartedMain] INFO  o.s.b.d.e.DevToolsPropertyDefaultsPostProcessor - For additional web related logging consider setting the 'logging.level.web' property to 'DEBUG'
2025-03-04 12:04:53 [restartedMain] INFO  o.s.d.r.c.RepositoryConfigurationDelegate - Multiple Spring Data modules found, entering strict repository configuration mode!
2025-03-04 12:04:53 [restartedMain] INFO  o.s.d.r.c.RepositoryConfigurationDelegate - Bootstrapping Spring Data Reactive MongoDB repositories in DEFAULT mode.
2025-03-04 12:04:53 [restartedMain] INFO  o.s.d.r.c.RepositoryConfigurationDelegate - Finished Spring Data repository scanning in 82 ms. Found 1 Reactive MongoDB repository interfaces.
2025-03-04 12:04:53 [restartedMain] INFO  o.s.b.w.e.tomcat.TomcatWebServer - Tomcat initialized with port(s): 9001 (http)
2025-03-04 12:04:53 [restartedMain] INFO  o.a.coyote.http11.Http11NioProtocol - Initializing ProtocolHandler ["http-nio-9001"]
2025-03-04 12:04:53 [restartedMain] INFO  o.a.catalina.core.StandardService - Starting service [Tomcat]
2025-03-04 12:04:53 [restartedMain] INFO  o.a.catalina.core.StandardEngine - Starting Servlet engine: [Apache Tomcat/9.0.60]
2025-03-04 12:04:53 [restartedMain] INFO  o.a.c.c.C.[Tomcat].[localhost].[/] - Initializing Spring embedded WebApplicationContext
2025-03-04 12:04:53 [restartedMain] INFO  o.s.b.w.s.c.ServletWebServerApplicationContext - Root WebApplicationContext: initialization completed in 898 ms
2025-03-04 12:04:54 [restartedMain] INFO  org.mongodb.driver.cluster - Cluster created with settings {hosts=[localhost:27017], mode=SINGLE, requiredClusterType=UNKNOWN, serverSelectionTimeout='30000 ms'}
2025-03-04 12:04:54 [cluster-ClusterId{value='67c732b6d1aafd3c2403bcb0', description='null'}-localhost:27017] INFO  org.mongodb.driver.connection - Opened connection [connectionId{localValue:2, serverValue:10}] to localhost:27017
2025-03-04 12:04:54 [cluster-rtt-ClusterId{value='67c732b6d1aafd3c2403bcb0', description='null'}-localhost:27017] INFO  org.mongodb.driver.connection - Opened connection [connectionId{localValue:1, serverValue:11}] to localhost:27017
2025-03-04 12:04:54 [cluster-ClusterId{value='67c732b6d1aafd3c2403bcb0', description='null'}-localhost:27017] INFO  org.mongodb.driver.cluster - Monitor thread successfully connected to server with description ServerDescription{address=localhost:27017, type=STANDALONE, state=CONNECTED, ok=true, minWireVersion=0, maxWireVersion=25, maxDocumentSize=16777216, logicalSessionTimeoutMinutes=30, roundTripTimeNanos=16557800}
2025-03-04 12:04:54 [restartedMain] INFO  o.s.b.d.a.OptionalLiveReloadServer - LiveReload server is running on port 35729
2025-03-04 12:04:54 [restartedMain] INFO  o.a.coyote.http11.Http11NioProtocol - Starting ProtocolHandler ["http-nio-9001"]
2025-03-04 12:04:54 [restartedMain] INFO  o.s.b.w.e.tomcat.TomcatWebServer - Tomcat started on port(s): 9001 (http) with context path ''
2025-03-04 12:04:54 [restartedMain] INFO  c.s.b.BootcampMicroservicesApplication - Started BootcampMicroservicesApplication in 1.801 seconds (JVM running for 2.549)
2025-03-04 12:04:54 [http-nio-9001-exec-2] INFO  o.a.c.c.C.[Tomcat].[localhost].[/] - Initializing Spring DispatcherServlet 'dispatcherServlet'
2025-03-04 12:04:54 [http-nio-9001-exec-2] INFO  o.s.web.servlet.DispatcherServlet - Initializing Servlet 'dispatcherServlet'
2025-03-04 12:04:54 [http-nio-9001-exec-2] INFO  o.s.web.servlet.DispatcherServlet - Completed initialization in 0 ms
2025-03-04 12:04:54 [http-nio-9001-exec-2] INFO  c.s.b.controller.CustomerController - Fetching all customers
2025-03-04 12:04:54 [Thread-16] INFO  org.mongodb.driver.connection - Opened connection [connectionId{localValue:3, serverValue:12}] to localhost:27017
2025-03-04 12:04:54 [Thread-16] INFO  c.s.b.controller.CustomerController - Customer found: CustomerDTO(id=67bc5049652bf702f7552f25, customerType=PERSONAL, name=Coyaks, surname=Perez, documentType=DNI, documentNumber=12345678, email=coyaks@example.com, phone=999999999)
2025-03-04 12:04:54 [Thread-16] INFO  c.s.b.controller.CustomerController - Customer found: CustomerDTO(id=67be562286d43e7cd15520ce, customerType=PERSONAL, name=Felix, surname=Perez, documentType=DNI, documentNumber=88888888, email=felix@example.com, phone=999999999)
2025-03-04 12:04:54 [Thread-16] INFO  c.s.b.controller.CustomerController - Customer found: CustomerDTO(id=67beb2df5c8259362896dff6, customerType=EMPRESARIAL, name=INNOVACODERS SOLUCIONES TECNOLOGICAS, surname=, documentType=RUC, documentNumber=20612226599, email=innovacoders@example.com, phone=999999999)
2025-03-04 12:04:54 [Thread-16] INFO  c.s.b.controller.CustomerController - All customers fetched successfully.
2025-03-04 12:06:52 [http-nio-9001-exec-5] INFO  o.a.tomcat.util.http.parser.Cookie - A cookie header was received [cc_cookie={"level":["necessary"],"revision":0,"data":null,"rfc_cookie":false};] that contained an invalid cookie. That cookie will be ignored.
 Note: further occurrences of this error will be logged at DEBUG level.
2025-03-04 12:09:51 [restartedMain] INFO  c.s.b.BootcampMicroservicesApplication - Starting BootcampMicroservicesApplication using Java 17.0.2 on DESKTOP-9I11CUN with PID 31972 (D:\WORK\NTT_DATA\entregableFinal\MICROSERVICES\microservice_customer_service\target\classes started by coyaks in D:\WORK\NTT_DATA\entregableFinal\MICROSERVICES\microservice_customer_service)
2025-03-04 12:09:51 [restartedMain] INFO  c.s.b.BootcampMicroservicesApplication - No active profile set, falling back to 1 default profile: "default"
2025-03-04 12:09:51 [restartedMain] INFO  o.s.d.r.c.RepositoryConfigurationDelegate - Multiple Spring Data modules found, entering strict repository configuration mode!
2025-03-04 12:09:51 [restartedMain] INFO  o.s.d.r.c.RepositoryConfigurationDelegate - Bootstrapping Spring Data Reactive MongoDB repositories in DEFAULT mode.
2025-03-04 12:09:51 [restartedMain] INFO  o.s.d.r.c.RepositoryConfigurationDelegate - Finished Spring Data repository scanning in 6 ms. Found 1 Reactive MongoDB repository interfaces.
2025-03-04 12:09:51 [restartedMain] INFO  o.s.b.w.e.tomcat.TomcatWebServer - Tomcat initialized with port(s): 9001 (http)
2025-03-04 12:09:51 [restartedMain] INFO  o.a.coyote.http11.Http11NioProtocol - Initializing ProtocolHandler ["http-nio-9001"]
2025-03-04 12:09:51 [restartedMain] INFO  o.a.catalina.core.StandardService - Starting service [Tomcat]
2025-03-04 12:09:51 [restartedMain] INFO  o.a.catalina.core.StandardEngine - Starting Servlet engine: [Apache Tomcat/9.0.60]
2025-03-04 12:09:51 [restartedMain] INFO  o.a.c.c.C.[Tomcat].[localhost].[/] - Initializing Spring embedded WebApplicationContext
2025-03-04 12:09:51 [restartedMain] INFO  o.s.b.w.s.c.ServletWebServerApplicationContext - Root WebApplicationContext: initialization completed in 200 ms
2025-03-04 12:09:51 [restartedMain] INFO  org.mongodb.driver.cluster - Cluster created with settings {hosts=[localhost:27017], mode=SINGLE, requiredClusterType=UNKNOWN, serverSelectionTimeout='30000 ms'}
2025-03-04 12:09:51 [cluster-rtt-ClusterId{value='67c733dfd1aafd3c2403bcb1', description='null'}-localhost:27017] INFO  org.mongodb.driver.connection - Opened connection [connectionId{localValue:5, serverValue:13}] to localhost:27017
2025-03-04 12:09:51 [cluster-ClusterId{value='67c733dfd1aafd3c2403bcb1', description='null'}-localhost:27017] INFO  org.mongodb.driver.connection - Opened connection [connectionId{localValue:4, serverValue:14}] to localhost:27017
2025-03-04 12:09:51 [cluster-ClusterId{value='67c733dfd1aafd3c2403bcb1', description='null'}-localhost:27017] INFO  org.mongodb.driver.cluster - Monitor thread successfully connected to server with description ServerDescription{address=localhost:27017, type=STANDALONE, state=CONNECTED, ok=true, minWireVersion=0, maxWireVersion=25, maxDocumentSize=16777216, logicalSessionTimeoutMinutes=30, roundTripTimeNanos=1519599}
2025-03-04 12:09:51 [restartedMain] INFO  o.s.b.d.a.OptionalLiveReloadServer - LiveReload server is running on port 35729
2025-03-04 12:09:51 [restartedMain] INFO  o.a.coyote.http11.Http11NioProtocol - Starting ProtocolHandler ["http-nio-9001"]
2025-03-04 12:09:51 [restartedMain] INFO  o.s.b.w.e.tomcat.TomcatWebServer - Tomcat started on port(s): 9001 (http) with context path ''
2025-03-04 12:09:51 [restartedMain] INFO  c.s.b.BootcampMicroservicesApplication - Started BootcampMicroservicesApplication in 0.343 seconds (JVM running for 299.473)
2025-03-04 12:09:51 [restartedMain] INFO  o.s.b.d.a.ConditionEvaluationDeltaLoggingListener - Condition evaluation unchanged
2025-03-04 12:11:25 [restartedMain] INFO  c.s.b.BootcampMicroservicesApplication - Starting BootcampMicroservicesApplication using Java 17.0.2 on DESKTOP-9I11CUN with PID 32576 (D:\WORK\NTT_DATA\entregableFinal\MICROSERVICES\microservice_customer_service\target\classes started by coyaks in D:\WORK\NTT_DATA\entregableFinal\MICROSERVICES\microservice_customer_service)
2025-03-04 12:11:25 [restartedMain] INFO  c.s.b.BootcampMicroservicesApplication - No active profile set, falling back to 1 default profile: "default"
2025-03-04 12:11:25 [restartedMain] INFO  o.s.b.d.e.DevToolsPropertyDefaultsPostProcessor - Devtools property defaults active! Set 'spring.devtools.add-properties' to 'false' to disable
2025-03-04 12:11:25 [restartedMain] INFO  o.s.b.d.e.DevToolsPropertyDefaultsPostProcessor - For additional web related logging consider setting the 'logging.level.web' property to 'DEBUG'
2025-03-04 12:11:26 [restartedMain] INFO  o.s.d.r.c.RepositoryConfigurationDelegate - Multiple Spring Data modules found, entering strict repository configuration mode!
2025-03-04 12:11:26 [restartedMain] INFO  o.s.d.r.c.RepositoryConfigurationDelegate - Bootstrapping Spring Data Reactive MongoDB repositories in DEFAULT mode.
2025-03-04 12:11:26 [restartedMain] INFO  o.s.d.r.c.RepositoryConfigurationDelegate - Finished Spring Data repository scanning in 115 ms. Found 1 Reactive MongoDB repository interfaces.
2025-03-04 12:11:26 [restartedMain] INFO  o.s.b.w.e.tomcat.TomcatWebServer - Tomcat initialized with port(s): 9001 (http)
2025-03-04 12:11:26 [restartedMain] INFO  o.a.coyote.http11.Http11NioProtocol - Initializing ProtocolHandler ["http-nio-9001"]
2025-03-04 12:11:26 [restartedMain] INFO  o.a.catalina.core.StandardService - Starting service [Tomcat]
2025-03-04 12:11:26 [restartedMain] INFO  o.a.catalina.core.StandardEngine - Starting Servlet engine: [Apache Tomcat/9.0.60]
2025-03-04 12:11:26 [restartedMain] INFO  o.a.c.c.C.[Tomcat].[localhost].[/] - Initializing Spring embedded WebApplicationContext
2025-03-04 12:11:26 [restartedMain] INFO  o.s.b.w.s.c.ServletWebServerApplicationContext - Root WebApplicationContext: initialization completed in 1218 ms
2025-03-04 12:11:26 [restartedMain] INFO  org.mongodb.driver.cluster - Cluster created with settings {hosts=[localhost:27017], mode=SINGLE, requiredClusterType=UNKNOWN, serverSelectionTimeout='30000 ms'}
2025-03-04 12:11:27 [cluster-rtt-ClusterId{value='67c7343ef5bcad166ca13440', description='null'}-localhost:27017] INFO  org.mongodb.driver.connection - Opened connection [connectionId{localValue:2, serverValue:16}] to localhost:27017
2025-03-04 12:11:27 [cluster-ClusterId{value='67c7343ef5bcad166ca13440', description='null'}-localhost:27017] INFO  org.mongodb.driver.connection - Opened connection [connectionId{localValue:1, serverValue:15}] to localhost:27017
2025-03-04 12:11:27 [cluster-ClusterId{value='67c7343ef5bcad166ca13440', description='null'}-localhost:27017] INFO  org.mongodb.driver.cluster - Monitor thread successfully connected to server with description ServerDescription{address=localhost:27017, type=STANDALONE, state=CONNECTED, ok=true, minWireVersion=0, maxWireVersion=25, maxDocumentSize=16777216, logicalSessionTimeoutMinutes=30, roundTripTimeNanos=25202900}
2025-03-04 12:11:27 [restartedMain] INFO  o.s.b.d.a.OptionalLiveReloadServer - LiveReload server is running on port 35729
2025-03-04 12:11:27 [restartedMain] INFO  o.a.coyote.http11.Http11NioProtocol - Starting ProtocolHandler ["http-nio-9001"]
2025-03-04 12:11:27 [restartedMain] INFO  o.s.b.w.e.tomcat.TomcatWebServer - Tomcat started on port(s): 9001 (http) with context path ''
2025-03-04 12:11:27 [restartedMain] INFO  c.s.b.BootcampMicroservicesApplication - Started BootcampMicroservicesApplication in 2.372 seconds (JVM running for 3.157)
2025-03-04 12:11:27 [http-nio-9001-exec-1] INFO  o.a.tomcat.util.http.parser.Cookie - A cookie header was received [cc_cookie={"level":["necessary"],"revision":0,"data":null,"rfc_cookie":false};] that contained an invalid cookie. That cookie will be ignored.
 Note: further occurrences of this error will be logged at DEBUG level.
2025-03-04 12:11:27 [http-nio-9001-exec-1] INFO  o.a.c.c.C.[Tomcat].[localhost].[/] - Initializing Spring DispatcherServlet 'dispatcherServlet'
2025-03-04 12:11:27 [http-nio-9001-exec-1] INFO  o.s.web.servlet.DispatcherServlet - Initializing Servlet 'dispatcherServlet'
2025-03-04 12:11:27 [http-nio-9001-exec-1] INFO  o.s.web.servlet.DispatcherServlet - Completed initialization in 0 ms
