2025-02-28 02:53:25 [http-nio-9001-exec-2] INFO  c.s.b.controller.CustomerController - Fetching customer with ID: 67bc5049652bf702f7552f25
2025-02-28 02:53:26 [Thread-15] INFO  c.s.b.controller.CustomerController - Customer found: CustomerDTO(id=67bc5049652bf702f7552f25, customerType=PERSONAL, name=Coyaks, surname=Perez, documentType=DNI, documentNumber=12345678, email=coyaks@example.com, phone=999999999)
2025-02-28 02:54:25 [http-nio-9001-exec-6] INFO  c.s.b.controller.CustomerController - Fetching customer with ID: 67bc5049652bf702f7552f25
2025-02-28 02:54:25 [Thread-16] INFO  c.s.b.controller.CustomerController - Customer found: CustomerDTO(id=67bc5049652bf702f7552f25, customerType=PERSONAL, name=Coyaks, surname=Perez, documentType=DNI, documentNumber=12345678, email=coyaks@example.com, phone=999999999)
2025-02-28 03:17:43 [http-nio-9001-exec-9] INFO  c.s.b.controller.CustomerController - Fetching customer with ID: 67bc5049652bf702f7552f25
2025-02-28 03:17:43 [Thread-15] INFO  c.s.b.controller.CustomerController - Customer found: CustomerDTO(id=67bc5049652bf702f7552f25, customerType=PERSONAL, name=Coyaks, surname=Perez, documentType=DNI, documentNumber=12345678, email=coyaks@example.com, phone=999999999)
2025-02-28 03:34:34 [http-nio-9001-exec-4] INFO  c.s.b.controller.CustomerController - Fetching customer with ID: 67bc5049652bf702f7552f25
2025-02-28 03:34:34 [Thread-16] INFO  c.s.b.controller.CustomerController - Customer found: CustomerDTO(id=67bc5049652bf702f7552f25, customerType=PERSONAL, name=Coyaks, surname=Perez, documentType=DNI, documentNumber=12345678, email=coyaks@example.com, phone=999999999)
2025-02-28 03:37:10 [http-nio-9001-exec-5] INFO  c.s.b.controller.CustomerController - Fetching customer with ID: 67bc5049652bf702f7552f25
2025-02-28 03:37:10 [Thread-15] INFO  c.s.b.controller.CustomerController - Customer found: CustomerDTO(id=67bc5049652bf702f7552f25, customerType=PERSONAL, name=Coyaks, surname=Perez, documentType=DNI, documentNumber=12345678, email=coyaks@example.com, phone=999999999)
2025-02-28 16:56:09 [http-nio-9001-exec-8] INFO  c.s.b.controller.CustomerController - Fetching customer with ID: 67bc5049652bf702f7552f25
2025-02-28 16:56:09 [Thread-16] INFO  c.s.b.controller.CustomerController - Customer found: CustomerDTO(id=67bc5049652bf702f7552f25, customerType=PERSONAL, name=Coyaks, surname=Perez, documentType=DNI, documentNumber=12345678, email=coyaks@example.com, phone=999999999)
2025-02-28 17:15:13 [http-nio-9001-exec-1] INFO  c.s.b.controller.CustomerController - Fetching customer with ID: 67bc5049652bf702f7552f25
2025-02-28 17:15:13 [Thread-15] INFO  c.s.b.controller.CustomerController - Customer found: CustomerDTO(id=67bc5049652bf702f7552f25, customerType=PERSONAL, name=Coyaks, surname=Perez, documentType=DNI, documentNumber=12345678, email=coyaks@example.com, phone=999999999)
2025-02-28 17:19:08 [http-nio-9001-exec-2] INFO  c.s.b.controller.CustomerController - Fetching customer with ID: 67bc5049652bf702f7552f25
2025-02-28 17:19:08 [Thread-16] INFO  c.s.b.controller.CustomerController - Customer found: CustomerDTO(id=67bc5049652bf702f7552f25, customerType=PERSONAL, name=Coyaks, surname=Perez, documentType=DNI, documentNumber=12345678, email=coyaks@example.com, phone=999999999)
2025-02-28 17:33:15 [http-nio-9001-exec-8] INFO  c.s.b.controller.CustomerController - Fetching customer with ID: 67beb2df5c8259362896dff6
2025-02-28 17:33:15 [Thread-16] INFO  c.s.b.controller.CustomerController - Customer found: CustomerDTO(id=67beb2df5c8259362896dff6, customerType=EMPRESARIAL, name=INNOVACODERS SOLUCIONES TECNOLOGICAS, surname=, documentType=RUC, documentNumber=20612226599, email=innovacoders@example.com, phone=999999999)
2025-02-28 17:33:23 [http-nio-9001-exec-10] INFO  c.s.b.controller.CustomerController - Fetching customer with ID: 67beb2df5c8259362896dff6_
2025-02-28 17:34:07 [http-nio-9001-exec-4] INFO  c.s.b.controller.CustomerController - Fetching customer with ID: 67beb2df5c8259362896dff6
2025-02-28 17:34:07 [Thread-16] INFO  c.s.b.controller.CustomerController - Customer found: CustomerDTO(id=67beb2df5c8259362896dff6, customerType=EMPRESARIAL, name=INNOVACODERS SOLUCIONES TECNOLOGICAS, surname=, documentType=RUC, documentNumber=20612226599, email=innovacoders@example.com, phone=999999999)
2025-02-28 17:49:18 [http-nio-9001-exec-8] INFO  c.s.b.controller.CustomerController - Fetching customer with ID: 67bc5049652bf702f7552f25
2025-02-28 17:49:18 [Thread-15] INFO  c.s.b.controller.CustomerController - Customer found: CustomerDTO(id=67bc5049652bf702f7552f25, customerType=PERSONAL, name=Coyaks, surname=Perez, documentType=DNI, documentNumber=12345678, email=coyaks@example.com, phone=999999999)
2025-02-28 17:49:22 [http-nio-9001-exec-10] INFO  c.s.b.controller.CustomerController - Fetching customer with ID: 67bc5049652bf702f7552f251
2025-02-28 17:50:05 [http-nio-9001-exec-4] INFO  c.s.b.controller.CustomerController - Fetching customer with ID: 67bc5049652bf702f7552f25
2025-02-28 17:50:05 [Thread-15] INFO  c.s.b.controller.CustomerController - Customer found: CustomerDTO(id=67bc5049652bf702f7552f25, customerType=PERSONAL, name=Coyaks, surname=Perez, documentType=DNI, documentNumber=12345678, email=coyaks@example.com, phone=999999999)
2025-02-28 17:58:47 [http-nio-9001-exec-5] INFO  c.s.b.controller.CustomerController - Fetching customer with ID: 67bc5049652bf702f7552f25
2025-02-28 17:58:47 [Thread-16] INFO  c.s.b.controller.CustomerController - Customer found: CustomerDTO(id=67bc5049652bf702f7552f25, customerType=PERSONAL, name=Coyaks, surname=Perez, documentType=DNI, documentNumber=12345678, email=coyaks@example.com, phone=999999999)
2025-02-28 17:58:55 [http-nio-9001-exec-7] INFO  c.s.b.controller.CustomerController - Fetching customer with ID: 67bc5049652bf702f7552f25
2025-02-28 17:58:55 [Thread-15] INFO  c.s.b.controller.CustomerController - Customer found: CustomerDTO(id=67bc5049652bf702f7552f25, customerType=PERSONAL, name=Coyaks, surname=Perez, documentType=DNI, documentNumber=12345678, email=coyaks@example.com, phone=999999999)
2025-02-28 17:58:58 [http-nio-9001-exec-9] INFO  c.s.b.controller.CustomerController - Fetching customer with ID: 67bc5049652bf702f7552f25
2025-02-28 17:58:58 [Thread-16] INFO  c.s.b.controller.CustomerController - Customer found: CustomerDTO(id=67bc5049652bf702f7552f25, customerType=PERSONAL, name=Coyaks, surname=Perez, documentType=DNI, documentNumber=12345678, email=coyaks@example.com, phone=999999999)
2025-02-28 18:31:58 [http-nio-9001-exec-4] INFO  c.s.b.controller.CustomerController - Fetching customer with ID: 67bc5049652bf702f7552f25
2025-02-28 18:31:58 [Thread-16] INFO  c.s.b.controller.CustomerController - Customer found: CustomerDTO(id=67bc5049652bf702f7552f25, customerType=PERSONAL, name=Coyaks, surname=Perez, documentType=DNI, documentNumber=12345678, email=coyaks@example.com, phone=999999999)
2025-02-28 18:33:13 [http-nio-9001-exec-5] INFO  c.s.b.controller.CustomerController - Fetching customer with ID: 67bc5049652bf702f7552f25
2025-02-28 18:33:13 [Thread-15] INFO  c.s.b.controller.CustomerController - Customer found: CustomerDTO(id=67bc5049652bf702f7552f25, customerType=PERSONAL, name=Coyaks, surname=Perez, documentType=DNI, documentNumber=12345678, email=coyaks@example.com, phone=999999999)
2025-02-28 18:33:36 [http-nio-9001-exec-7] INFO  c.s.b.controller.CustomerController - Fetching customer with ID: 67bc5049652bf702f7552f25
2025-02-28 18:33:36 [Thread-16] INFO  c.s.b.controller.CustomerController - Customer found: CustomerDTO(id=67bc5049652bf702f7552f25, customerType=PERSONAL, name=Coyaks, surname=Perez, documentType=DNI, documentNumber=12345678, email=coyaks@example.com, phone=999999999)
2025-02-28 18:52:45 [http-nio-9001-exec-1] INFO  c.s.b.controller.CustomerController - Fetching all customers
2025-02-28 18:52:45 [Thread-15] INFO  c.s.b.controller.CustomerController - Customer found: CustomerDTO(id=67bc5049652bf702f7552f25, customerType=PERSONAL, name=Coyaks, surname=Perez, documentType=DNI, documentNumber=12345678, email=coyaks@example.com, phone=999999999)
2025-02-28 18:52:45 [Thread-15] INFO  c.s.b.controller.CustomerController - Customer found: CustomerDTO(id=67be562286d43e7cd15520ce, customerType=PERSONAL, name=Felix, surname=Perez, documentType=DNI, documentNumber=88888888, email=felix@example.com, phone=999999999)
2025-02-28 18:52:45 [Thread-15] INFO  c.s.b.controller.CustomerController - Customer found: CustomerDTO(id=67beb2df5c8259362896dff6, customerType=EMPRESARIAL, name=INNOVACODERS SOLUCIONES TECNOLOGICAS, surname=, documentType=RUC, documentNumber=20612226599, email=innovacoders@example.com, phone=999999999)
2025-02-28 18:52:45 [Thread-15] INFO  c.s.b.controller.CustomerController - All customers fetched successfully.
2025-02-28 18:54:25 [http-nio-9001-exec-2] INFO  c.s.b.controller.CustomerController - Fetching customer with ID: 67bc5049652bf702f7552f25
2025-02-28 18:54:25 [Thread-16] INFO  c.s.b.controller.CustomerController - Customer found: CustomerDTO(id=67bc5049652bf702f7552f25, customerType=PERSONAL, name=Coyaks, surname=Perez, documentType=DNI, documentNumber=12345678, email=coyaks@example.com, phone=999999999)
