2025-03-03 17:26:17 [restartedMain] INFO  c.s.b.BootcampMicroservicesApplication - Starting BootcampMicroservicesApplication using Java 17.0.2 on DESKTOP-9I11CUN with PID 17320 (D:\WORK\NTT_DATA\entregableFinal\MICROSERVICES\microservice_customer_service\target\classes started by coyaks in D:\WORK\NTT_DATA\entregableFinal\MICROSERVICES\microservice_customer_service)
2025-03-03 17:26:17 [restartedMain] INFO  c.s.b.BootcampMicroservicesApplication - No active profile set, falling back to 1 default profile: "default"
2025-03-03 17:26:17 [restartedMain] INFO  o.s.b.d.e.DevToolsPropertyDefaultsPostProcessor - Devtools property defaults active! Set 'spring.devtools.add-properties' to 'false' to disable
2025-03-03 17:26:17 [restartedMain] INFO  o.s.b.d.e.DevToolsPropertyDefaultsPostProcessor - For additional web related logging consider setting the 'logging.level.web' property to 'DEBUG'
2025-03-03 17:26:18 [restartedMain] INFO  o.s.d.r.c.RepositoryConfigurationDelegate - Multiple Spring Data modules found, entering strict repository configuration mode!
2025-03-03 17:26:18 [restartedMain] INFO  o.s.d.r.c.RepositoryConfigurationDelegate - Bootstrapping Spring Data Reactive MongoDB repositories in DEFAULT mode.
2025-03-03 17:26:18 [restartedMain] INFO  o.s.d.r.c.RepositoryConfigurationDelegate - Finished Spring Data repository scanning in 154 ms. Found 1 Reactive MongoDB repository interfaces.
2025-03-03 17:26:18 [restartedMain] INFO  o.s.b.w.e.tomcat.TomcatWebServer - Tomcat initialized with port(s): 9001 (http)
2025-03-03 17:26:18 [restartedMain] INFO  o.a.coyote.http11.Http11NioProtocol - Initializing ProtocolHandler ["http-nio-9001"]
2025-03-03 17:26:18 [restartedMain] INFO  o.a.catalina.core.StandardService - Starting service [Tomcat]
2025-03-03 17:26:18 [restartedMain] INFO  o.a.catalina.core.StandardEngine - Starting Servlet engine: [Apache Tomcat/9.0.60]
2025-03-03 17:26:18 [restartedMain] INFO  o.a.c.c.C.[Tomcat].[localhost].[/] - Initializing Spring embedded WebApplicationContext
2025-03-03 17:26:18 [restartedMain] INFO  o.s.b.w.s.c.ServletWebServerApplicationContext - Root WebApplicationContext: initialization completed in 1480 ms
2025-03-03 17:26:19 [restartedMain] INFO  org.mongodb.driver.cluster - Cluster created with settings {hosts=[localhost:27017], mode=SINGLE, requiredClusterType=UNKNOWN, serverSelectionTimeout='30000 ms'}
2025-03-03 17:26:19 [restartedMain] INFO  o.s.b.d.a.OptionalLiveReloadServer - LiveReload server is running on port 35729
2025-03-03 17:26:19 [restartedMain] INFO  o.a.coyote.http11.Http11NioProtocol - Starting ProtocolHandler ["http-nio-9001"]
2025-03-03 17:26:19 [restartedMain] INFO  o.s.b.w.e.tomcat.TomcatWebServer - Tomcat started on port(s): 9001 (http) with context path ''
2025-03-03 17:26:19 [restartedMain] INFO  c.s.b.BootcampMicroservicesApplication - Started BootcampMicroservicesApplication in 2.816 seconds (JVM running for 3.765)
2025-03-03 17:26:23 [cluster-ClusterId{value='67c62c8b32b10c4f27a20e13', description='null'}-localhost:27017] INFO  org.mongodb.driver.cluster - Exception in monitor thread while connecting to server localhost:27017
com.mongodb.MongoSocketOpenException: Exception opening socket
	at com.mongodb.internal.connection.AsynchronousSocketChannelStream$OpenCompletionHandler.failed(AsynchronousSocketChannelStream.java:124)
	at java.base/sun.nio.ch.Invoker.invokeUnchecked(Invoker.java:131)
	at java.base/sun.nio.ch.Invoker.invokeDirect(Invoker.java:160)
	at java.base/sun.nio.ch.Invoker.invoke(Invoker.java:188)
	at java.base/sun.nio.ch.Invoker.invoke(Invoker.java:300)
	at java.base/sun.nio.ch.WindowsAsynchronousSocketChannelImpl$ConnectTask.failed(WindowsAsynchronousSocketChannelImpl.java:308)
	at java.base/sun.nio.ch.Iocp$EventHandlerTask.run(Iocp.java:389)
	at java.base/sun.nio.ch.AsynchronousChannelGroupImpl$1.run(AsynchronousChannelGroupImpl.java:113)
	at java.base/java.util.concurrent.ThreadPoolExecutor.runWorker(ThreadPoolExecutor.java:1136)
	at java.base/java.util.concurrent.ThreadPoolExecutor$Worker.run(ThreadPoolExecutor.java:635)
	at java.base/java.lang.Thread.run(Thread.java:833)
Caused by: java.io.IOException: The remote computer refused the network connection
	at java.base/sun.nio.ch.Iocp.translateErrorToIOException(Iocp.java:299)
	... 5 common frames omitted
2025-03-03 18:09:10 [cluster-rtt-ClusterId{value='67c62c8b32b10c4f27a20e13', description='null'}-localhost:27017] INFO  org.mongodb.driver.connection - Opened connection [connectionId{localValue:367, serverValue:5}] to localhost:27017
2025-03-03 18:09:10 [cluster-ClusterId{value='67c62c8b32b10c4f27a20e13', description='null'}-localhost:27017] INFO  org.mongodb.driver.connection - Opened connection [connectionId{localValue:368, serverValue:6}] to localhost:27017
2025-03-03 18:09:10 [cluster-ClusterId{value='67c62c8b32b10c4f27a20e13', description='null'}-localhost:27017] INFO  org.mongodb.driver.cluster - Monitor thread successfully connected to server with description ServerDescription{address=localhost:27017, type=STANDALONE, state=CONNECTED, ok=true, minWireVersion=0, maxWireVersion=25, maxDocumentSize=16777216, logicalSessionTimeoutMinutes=30, roundTripTimeNanos=1808400}
2025-03-03 18:09:58 [restartedMain] INFO  c.s.b.BootcampMicroservicesApplication - Starting BootcampMicroservicesApplication using Java 17.0.2 on DESKTOP-9I11CUN with PID 29968 (D:\WORK\NTT_DATA\entregableFinal\MICROSERVICES\microservice_customer_service\target\classes started by coyaks in D:\WORK\NTT_DATA\entregableFinal\MICROSERVICES\microservice_customer_service)
2025-03-03 18:09:58 [restartedMain] INFO  c.s.b.BootcampMicroservicesApplication - No active profile set, falling back to 1 default profile: "default"
2025-03-03 18:09:58 [restartedMain] INFO  o.s.b.d.e.DevToolsPropertyDefaultsPostProcessor - Devtools property defaults active! Set 'spring.devtools.add-properties' to 'false' to disable
2025-03-03 18:09:58 [restartedMain] INFO  o.s.b.d.e.DevToolsPropertyDefaultsPostProcessor - For additional web related logging consider setting the 'logging.level.web' property to 'DEBUG'
2025-03-03 18:09:59 [restartedMain] INFO  o.s.d.r.c.RepositoryConfigurationDelegate - Multiple Spring Data modules found, entering strict repository configuration mode!
2025-03-03 18:09:59 [restartedMain] INFO  o.s.d.r.c.RepositoryConfigurationDelegate - Bootstrapping Spring Data Reactive MongoDB repositories in DEFAULT mode.
2025-03-03 18:09:59 [restartedMain] INFO  o.s.d.r.c.RepositoryConfigurationDelegate - Finished Spring Data repository scanning in 98 ms. Found 1 Reactive MongoDB repository interfaces.
2025-03-03 18:09:59 [restartedMain] INFO  o.s.b.w.e.tomcat.TomcatWebServer - Tomcat initialized with port(s): 9001 (http)
2025-03-03 18:09:59 [restartedMain] INFO  o.a.coyote.http11.Http11NioProtocol - Initializing ProtocolHandler ["http-nio-9001"]
2025-03-03 18:09:59 [restartedMain] INFO  o.a.catalina.core.StandardService - Starting service [Tomcat]
2025-03-03 18:09:59 [restartedMain] INFO  o.a.catalina.core.StandardEngine - Starting Servlet engine: [Apache Tomcat/9.0.60]
2025-03-03 18:10:00 [restartedMain] INFO  o.a.c.c.C.[Tomcat].[localhost].[/] - Initializing Spring embedded WebApplicationContext
2025-03-03 18:10:00 [restartedMain] INFO  o.s.b.w.s.c.ServletWebServerApplicationContext - Root WebApplicationContext: initialization completed in 1244 ms
2025-03-03 18:10:00 [restartedMain] INFO  org.mongodb.driver.cluster - Cluster created with settings {hosts=[localhost:27017], mode=SINGLE, requiredClusterType=UNKNOWN, serverSelectionTimeout='30000 ms'}
2025-03-03 18:10:00 [cluster-ClusterId{value='67c636c8ce8e2309a00c0f74', description='null'}-localhost:27017] INFO  org.mongodb.driver.connection - Opened connection [connectionId{localValue:2, serverValue:9}] to localhost:27017
2025-03-03 18:10:00 [cluster-rtt-ClusterId{value='67c636c8ce8e2309a00c0f74', description='null'}-localhost:27017] INFO  org.mongodb.driver.connection - Opened connection [connectionId{localValue:1, serverValue:10}] to localhost:27017
2025-03-03 18:10:00 [cluster-ClusterId{value='67c636c8ce8e2309a00c0f74', description='null'}-localhost:27017] INFO  org.mongodb.driver.cluster - Monitor thread successfully connected to server with description ServerDescription{address=localhost:27017, type=STANDALONE, state=CONNECTED, ok=true, minWireVersion=0, maxWireVersion=25, maxDocumentSize=16777216, logicalSessionTimeoutMinutes=30, roundTripTimeNanos=48523900}
2025-03-03 18:10:00 [restartedMain] INFO  o.s.b.d.a.OptionalLiveReloadServer - LiveReload server is running on port 35729
2025-03-03 18:10:01 [restartedMain] INFO  o.a.coyote.http11.Http11NioProtocol - Starting ProtocolHandler ["http-nio-9001"]
2025-03-03 18:10:01 [restartedMain] INFO  o.s.b.w.e.tomcat.TomcatWebServer - Tomcat started on port(s): 9001 (http) with context path ''
2025-03-03 18:10:01 [restartedMain] INFO  c.s.b.BootcampMicroservicesApplication - Started BootcampMicroservicesApplication in 2.682 seconds (JVM running for 3.575)
2025-03-03 18:21:38 [http-nio-9001-exec-1] INFO  o.a.c.c.C.[Tomcat].[localhost].[/] - Initializing Spring DispatcherServlet 'dispatcherServlet'
2025-03-03 18:21:38 [http-nio-9001-exec-1] INFO  o.s.web.servlet.DispatcherServlet - Initializing Servlet 'dispatcherServlet'
2025-03-03 18:21:38 [http-nio-9001-exec-1] INFO  o.s.web.servlet.DispatcherServlet - Completed initialization in 0 ms
2025-03-03 18:21:38 [http-nio-9001-exec-1] INFO  c.s.b.controller.CustomerController - Fetching all customers
2025-03-03 18:21:38 [Thread-16] INFO  org.mongodb.driver.connection - Opened connection [connectionId{localValue:3, serverValue:17}] to localhost:27017
2025-03-03 18:21:38 [Thread-16] INFO  c.s.b.controller.CustomerController - Customer found: CustomerDTO(id=67bc5049652bf702f7552f25, customerType=PERSONAL, name=Coyaks, surname=Perez, documentType=DNI, documentNumber=12345678, email=coyaks@example.com, phone=999999999)
2025-03-03 18:21:38 [Thread-16] INFO  c.s.b.controller.CustomerController - Customer found: CustomerDTO(id=67be562286d43e7cd15520ce, customerType=PERSONAL, name=Felix, surname=Perez, documentType=DNI, documentNumber=88888888, email=felix@example.com, phone=999999999)
2025-03-03 18:21:38 [Thread-16] INFO  c.s.b.controller.CustomerController - Customer found: CustomerDTO(id=67beb2df5c8259362896dff6, customerType=EMPRESARIAL, name=INNOVACODERS SOLUCIONES TECNOLOGICAS, surname=, documentType=RUC, documentNumber=20612226599, email=innovacoders@example.com, phone=999999999)
2025-03-03 18:21:38 [Thread-16] INFO  c.s.b.controller.CustomerController - All customers fetched successfully.
