2025-02-24 18:51:40 [restartedMain] INFO  c.s.b.BootcampMicroservicesApplication - Starting BootcampMicroservicesApplication using Java 17.0.2 on DESKTOP-9I11CUN with PID 26564 (D:\WORK\NTT_DATA\entregableFinal\MICROSERVICES\microservice_customer_service\target\classes started by coyaks in D:\WORK\NTT_DATA\entregableFinal\MICROSERVICES\microservice_customer_service)
2025-02-24 18:51:40 [restartedMain] INFO  c.s.b.BootcampMicroservicesApplication - No active profile set, falling back to 1 default profile: "default"
2025-02-24 18:51:41 [restartedMain] INFO  o.s.b.d.e.DevToolsPropertyDefaultsPostProcessor - Devtools property defaults active! Set 'spring.devtools.add-properties' to 'false' to disable
2025-02-24 18:51:41 [restartedMain] INFO  o.s.b.d.e.DevToolsPropertyDefaultsPostProcessor - For additional web related logging consider setting the 'logging.level.web' property to 'DEBUG'
2025-02-24 18:51:41 [restartedMain] INFO  o.s.d.r.c.RepositoryConfigurationDelegate - Multiple Spring Data modules found, entering strict repository configuration mode!
2025-02-24 18:51:41 [restartedMain] INFO  o.s.d.r.c.RepositoryConfigurationDelegate - Bootstrapping Spring Data Reactive MongoDB repositories in DEFAULT mode.
2025-02-24 18:51:41 [restartedMain] INFO  o.s.d.r.c.RepositoryConfigurationDelegate - Finished Spring Data repository scanning in 83 ms. Found 1 Reactive MongoDB repository interfaces.
2025-02-24 18:51:41 [restartedMain] INFO  o.s.b.w.e.tomcat.TomcatWebServer - Tomcat initialized with port(s): 9001 (http)
2025-02-24 18:51:41 [restartedMain] INFO  o.a.coyote.http11.Http11NioProtocol - Initializing ProtocolHandler ["http-nio-9001"]
2025-02-24 18:51:41 [restartedMain] INFO  o.a.catalina.core.StandardService - Starting service [Tomcat]
2025-02-24 18:51:41 [restartedMain] INFO  o.a.catalina.core.StandardEngine - Starting Servlet engine: [Apache Tomcat/9.0.60]
2025-02-24 18:51:41 [restartedMain] INFO  o.a.c.c.C.[Tomcat].[localhost].[/] - Initializing Spring embedded WebApplicationContext
2025-02-24 18:51:41 [restartedMain] INFO  o.s.b.w.s.c.ServletWebServerApplicationContext - Root WebApplicationContext: initialization completed in 862 ms
2025-02-24 18:51:41 [restartedMain] INFO  org.mongodb.driver.cluster - Cluster created with settings {hosts=[localhost:27017], mode=SINGLE, requiredClusterType=UNKNOWN, serverSelectionTimeout='30000 ms'}
2025-02-24 18:51:42 [cluster-rtt-ClusterId{value='67bd060d44d9070a1a32d890', description='null'}-localhost:27017] INFO  org.mongodb.driver.connection - Opened connection [connectionId{localValue:2, serverValue:388}] to localhost:27017
2025-02-24 18:51:42 [cluster-ClusterId{value='67bd060d44d9070a1a32d890', description='null'}-localhost:27017] INFO  org.mongodb.driver.connection - Opened connection [connectionId{localValue:1, serverValue:387}] to localhost:27017
2025-02-24 18:51:42 [cluster-ClusterId{value='67bd060d44d9070a1a32d890', description='null'}-localhost:27017] INFO  org.mongodb.driver.cluster - Monitor thread successfully connected to server with description ServerDescription{address=localhost:27017, type=STANDALONE, state=CONNECTED, ok=true, minWireVersion=0, maxWireVersion=25, maxDocumentSize=16777216, logicalSessionTimeoutMinutes=30, roundTripTimeNanos=20756600}
2025-02-24 18:51:42 [restartedMain] INFO  o.s.b.d.a.OptionalLiveReloadServer - LiveReload server is running on port 35729
2025-02-24 18:51:42 [restartedMain] INFO  o.a.coyote.http11.Http11NioProtocol - Starting ProtocolHandler ["http-nio-9001"]
2025-02-24 18:51:42 [restartedMain] INFO  o.s.b.w.e.tomcat.TomcatWebServer - Tomcat started on port(s): 9001 (http) with context path ''
2025-02-24 18:51:42 [restartedMain] INFO  c.s.b.BootcampMicroservicesApplication - Started BootcampMicroservicesApplication in 1.735 seconds (JVM running for 2.389)
2025-02-24 18:52:18 [restartedMain] INFO  c.s.b.BootcampMicroservicesApplication - Starting BootcampMicroservicesApplication using Java 17.0.2 on DESKTOP-9I11CUN with PID 16836 (D:\WORK\NTT_DATA\entregableFinal\MICROSERVICES\microservice_customer_service\target\classes started by coyaks in D:\WORK\NTT_DATA\entregableFinal\MICROSERVICES\microservice_customer_service)
2025-02-24 18:52:18 [restartedMain] INFO  c.s.b.BootcampMicroservicesApplication - No active profile set, falling back to 1 default profile: "default"
2025-02-24 18:52:18 [restartedMain] INFO  o.s.b.d.e.DevToolsPropertyDefaultsPostProcessor - Devtools property defaults active! Set 'spring.devtools.add-properties' to 'false' to disable
2025-02-24 18:52:18 [restartedMain] INFO  o.s.b.d.e.DevToolsPropertyDefaultsPostProcessor - For additional web related logging consider setting the 'logging.level.web' property to 'DEBUG'
2025-02-24 18:52:19 [restartedMain] INFO  o.s.d.r.c.RepositoryConfigurationDelegate - Multiple Spring Data modules found, entering strict repository configuration mode!
2025-02-24 18:52:19 [restartedMain] INFO  o.s.d.r.c.RepositoryConfigurationDelegate - Bootstrapping Spring Data Reactive MongoDB repositories in DEFAULT mode.
2025-02-24 18:52:19 [restartedMain] INFO  o.s.d.r.c.RepositoryConfigurationDelegate - Finished Spring Data repository scanning in 84 ms. Found 1 Reactive MongoDB repository interfaces.
2025-02-24 18:52:19 [restartedMain] INFO  o.s.b.w.e.tomcat.TomcatWebServer - Tomcat initialized with port(s): 9001 (http)
2025-02-24 18:52:19 [restartedMain] INFO  o.a.coyote.http11.Http11NioProtocol - Initializing ProtocolHandler ["http-nio-9001"]
2025-02-24 18:52:19 [restartedMain] INFO  o.a.catalina.core.StandardService - Starting service [Tomcat]
2025-02-24 18:52:19 [restartedMain] INFO  o.a.catalina.core.StandardEngine - Starting Servlet engine: [Apache Tomcat/9.0.60]
2025-02-24 18:52:19 [restartedMain] INFO  o.a.c.c.C.[Tomcat].[localhost].[/] - Initializing Spring embedded WebApplicationContext
2025-02-24 18:52:19 [restartedMain] INFO  o.s.b.w.s.c.ServletWebServerApplicationContext - Root WebApplicationContext: initialization completed in 848 ms
2025-02-24 18:52:19 [restartedMain] INFO  org.mongodb.driver.cluster - Cluster created with settings {hosts=[localhost:27017], mode=SINGLE, requiredClusterType=UNKNOWN, serverSelectionTimeout='30000 ms'}
2025-02-24 18:52:19 [cluster-rtt-ClusterId{value='67bd063325cd2c348bb00e30', description='null'}-localhost:27017] INFO  org.mongodb.driver.connection - Opened connection [connectionId{localValue:2, serverValue:389}] to localhost:27017
2025-02-24 18:52:19 [cluster-ClusterId{value='67bd063325cd2c348bb00e30', description='null'}-localhost:27017] INFO  org.mongodb.driver.connection - Opened connection [connectionId{localValue:1, serverValue:390}] to localhost:27017
2025-02-24 18:52:19 [cluster-ClusterId{value='67bd063325cd2c348bb00e30', description='null'}-localhost:27017] INFO  org.mongodb.driver.cluster - Monitor thread successfully connected to server with description ServerDescription{address=localhost:27017, type=STANDALONE, state=CONNECTED, ok=true, minWireVersion=0, maxWireVersion=25, maxDocumentSize=16777216, logicalSessionTimeoutMinutes=30, roundTripTimeNanos=48428100}
2025-02-24 18:52:19 [restartedMain] INFO  o.s.b.d.a.OptionalLiveReloadServer - LiveReload server is running on port 35729
2025-02-24 18:52:20 [restartedMain] INFO  o.a.coyote.http11.Http11NioProtocol - Starting ProtocolHandler ["http-nio-9001"]
2025-02-24 18:52:20 [restartedMain] INFO  o.s.b.w.e.tomcat.TomcatWebServer - Tomcat started on port(s): 9001 (http) with context path ''
2025-02-24 18:52:20 [restartedMain] INFO  c.s.b.BootcampMicroservicesApplication - Started BootcampMicroservicesApplication in 1.714 seconds (JVM running for 2.268)
2025-02-24 18:52:25 [http-nio-9001-exec-3] INFO  o.a.c.c.C.[Tomcat].[localhost].[/] - Initializing Spring DispatcherServlet 'dispatcherServlet'
2025-02-24 18:52:25 [http-nio-9001-exec-3] INFO  o.s.web.servlet.DispatcherServlet - Initializing Servlet 'dispatcherServlet'
2025-02-24 18:52:25 [http-nio-9001-exec-3] INFO  o.s.web.servlet.DispatcherServlet - Completed initialization in 1 ms
2025-02-24 18:52:25 [Thread-15] INFO  org.mongodb.driver.connection - Opened connection [connectionId{localValue:3, serverValue:391}] to localhost:27017
2025-02-24 18:52:25 [Thread-15] INFO  c.s.b.controller.CustomerController - Customer found: CustomerDTO(id=67bc5049652bf702f7552f25, customerType=PERSONAL, name=Coyaks, surname=Perez, documentType=DNI, documentNumber=12345678, email=coyaks@example.com, phone=999999999)
2025-02-24 18:52:25 [Thread-15] INFO  c.s.b.controller.CustomerController - All customers fetched successfully.
2025-02-24 18:52:57 [restartedMain] INFO  c.s.b.BootcampMicroservicesApplication - Starting BootcampMicroservicesApplication using Java 17.0.2 on DESKTOP-9I11CUN with PID 16836 (D:\WORK\NTT_DATA\entregableFinal\MICROSERVICES\microservice_customer_service\target\classes started by coyaks in D:\WORK\NTT_DATA\entregableFinal\MICROSERVICES\microservice_customer_service)
2025-02-24 18:52:57 [restartedMain] INFO  c.s.b.BootcampMicroservicesApplication - No active profile set, falling back to 1 default profile: "default"
2025-02-24 18:52:57 [restartedMain] INFO  o.s.d.r.c.RepositoryConfigurationDelegate - Multiple Spring Data modules found, entering strict repository configuration mode!
2025-02-24 18:52:57 [restartedMain] INFO  o.s.d.r.c.RepositoryConfigurationDelegate - Bootstrapping Spring Data Reactive MongoDB repositories in DEFAULT mode.
2025-02-24 18:52:57 [restartedMain] INFO  o.s.d.r.c.RepositoryConfigurationDelegate - Finished Spring Data repository scanning in 7 ms. Found 1 Reactive MongoDB repository interfaces.
2025-02-24 18:52:57 [restartedMain] INFO  o.s.b.w.e.tomcat.TomcatWebServer - Tomcat initialized with port(s): 9001 (http)
2025-02-24 18:52:57 [restartedMain] INFO  o.a.coyote.http11.Http11NioProtocol - Initializing ProtocolHandler ["http-nio-9001"]
2025-02-24 18:52:57 [restartedMain] INFO  o.a.catalina.core.StandardService - Starting service [Tomcat]
2025-02-24 18:52:57 [restartedMain] INFO  o.a.catalina.core.StandardEngine - Starting Servlet engine: [Apache Tomcat/9.0.60]
2025-02-24 18:52:57 [restartedMain] INFO  o.a.c.c.C.[Tomcat].[localhost].[/] - Initializing Spring embedded WebApplicationContext
2025-02-24 18:52:57 [restartedMain] INFO  o.s.b.w.s.c.ServletWebServerApplicationContext - Root WebApplicationContext: initialization completed in 229 ms
2025-02-24 18:52:57 [restartedMain] INFO  org.mongodb.driver.cluster - Cluster created with settings {hosts=[localhost:27017], mode=SINGLE, requiredClusterType=UNKNOWN, serverSelectionTimeout='30000 ms'}
2025-02-24 18:52:57 [cluster-rtt-ClusterId{value='67bd065925cd2c348bb00e31', description='null'}-localhost:27017] INFO  org.mongodb.driver.connection - Opened connection [connectionId{localValue:5, serverValue:392}] to localhost:27017
2025-02-24 18:52:57 [cluster-ClusterId{value='67bd065925cd2c348bb00e31', description='null'}-localhost:27017] INFO  org.mongodb.driver.connection - Opened connection [connectionId{localValue:4, serverValue:393}] to localhost:27017
2025-02-24 18:52:57 [cluster-ClusterId{value='67bd065925cd2c348bb00e31', description='null'}-localhost:27017] INFO  org.mongodb.driver.cluster - Monitor thread successfully connected to server with description ServerDescription{address=localhost:27017, type=STANDALONE, state=CONNECTED, ok=true, minWireVersion=0, maxWireVersion=25, maxDocumentSize=16777216, logicalSessionTimeoutMinutes=30, roundTripTimeNanos=2644400}
2025-02-24 18:52:57 [restartedMain] INFO  o.s.b.d.a.OptionalLiveReloadServer - LiveReload server is running on port 35729
2025-02-24 18:52:57 [restartedMain] INFO  o.a.coyote.http11.Http11NioProtocol - Starting ProtocolHandler ["http-nio-9001"]
2025-02-24 18:52:57 [restartedMain] INFO  o.s.b.w.e.tomcat.TomcatWebServer - Tomcat started on port(s): 9001 (http) with context path ''
2025-02-24 18:52:57 [restartedMain] INFO  c.s.b.BootcampMicroservicesApplication - Started BootcampMicroservicesApplication in 0.384 seconds (JVM running for 39.7)
2025-02-24 18:52:57 [restartedMain] INFO  o.s.b.d.a.ConditionEvaluationDeltaLoggingListener - Condition evaluation unchanged
2025-02-24 18:52:59 [restartedMain] INFO  c.s.b.BootcampMicroservicesApplication - Starting BootcampMicroservicesApplication using Java 17.0.2 on DESKTOP-9I11CUN with PID 16836 (D:\WORK\NTT_DATA\entregableFinal\MICROSERVICES\microservice_customer_service\target\classes started by coyaks in D:\WORK\NTT_DATA\entregableFinal\MICROSERVICES\microservice_customer_service)
2025-02-24 18:52:59 [restartedMain] INFO  c.s.b.BootcampMicroservicesApplication - No active profile set, falling back to 1 default profile: "default"
2025-02-24 18:52:59 [restartedMain] INFO  o.s.d.r.c.RepositoryConfigurationDelegate - Multiple Spring Data modules found, entering strict repository configuration mode!
2025-02-24 18:52:59 [restartedMain] INFO  o.s.d.r.c.RepositoryConfigurationDelegate - Bootstrapping Spring Data Reactive MongoDB repositories in DEFAULT mode.
2025-02-24 18:52:59 [restartedMain] INFO  o.s.d.r.c.RepositoryConfigurationDelegate - Finished Spring Data repository scanning in 5 ms. Found 1 Reactive MongoDB repository interfaces.
2025-02-24 18:52:59 [restartedMain] INFO  o.s.b.w.e.tomcat.TomcatWebServer - Tomcat initialized with port(s): 9001 (http)
2025-02-24 18:52:59 [restartedMain] INFO  o.a.coyote.http11.Http11NioProtocol - Initializing ProtocolHandler ["http-nio-9001"]
2025-02-24 18:52:59 [restartedMain] INFO  o.a.catalina.core.StandardService - Starting service [Tomcat]
2025-02-24 18:52:59 [restartedMain] INFO  o.a.catalina.core.StandardEngine - Starting Servlet engine: [Apache Tomcat/9.0.60]
2025-02-24 18:52:59 [restartedMain] INFO  o.a.c.c.C.[Tomcat].[localhost].[/] - Initializing Spring embedded WebApplicationContext
2025-02-24 18:52:59 [restartedMain] INFO  o.s.b.w.s.c.ServletWebServerApplicationContext - Root WebApplicationContext: initialization completed in 141 ms
2025-02-24 18:52:59 [restartedMain] INFO  org.mongodb.driver.cluster - Cluster created with settings {hosts=[localhost:27017], mode=SINGLE, requiredClusterType=UNKNOWN, serverSelectionTimeout='30000 ms'}
2025-02-24 18:52:59 [cluster-rtt-ClusterId{value='67bd065b25cd2c348bb00e32', description='null'}-localhost:27017] INFO  org.mongodb.driver.connection - Opened connection [connectionId{localValue:7, serverValue:394}] to localhost:27017
2025-02-24 18:52:59 [cluster-ClusterId{value='67bd065b25cd2c348bb00e32', description='null'}-localhost:27017] INFO  org.mongodb.driver.connection - Opened connection [connectionId{localValue:6, serverValue:395}] to localhost:27017
2025-02-24 18:52:59 [cluster-ClusterId{value='67bd065b25cd2c348bb00e32', description='null'}-localhost:27017] INFO  org.mongodb.driver.cluster - Monitor thread successfully connected to server with description ServerDescription{address=localhost:27017, type=STANDALONE, state=CONNECTED, ok=true, minWireVersion=0, maxWireVersion=25, maxDocumentSize=16777216, logicalSessionTimeoutMinutes=30, roundTripTimeNanos=1572100}
2025-02-24 18:52:59 [restartedMain] INFO  o.s.b.d.a.OptionalLiveReloadServer - LiveReload server is running on port 35729
2025-02-24 18:52:59 [restartedMain] INFO  o.a.coyote.http11.Http11NioProtocol - Starting ProtocolHandler ["http-nio-9001"]
2025-02-24 18:52:59 [restartedMain] INFO  o.s.b.w.e.tomcat.TomcatWebServer - Tomcat started on port(s): 9001 (http) with context path ''
2025-02-24 18:52:59 [restartedMain] INFO  c.s.b.BootcampMicroservicesApplication - Started BootcampMicroservicesApplication in 0.246 seconds (JVM running for 41.428)
2025-02-24 18:52:59 [restartedMain] INFO  o.s.b.d.a.ConditionEvaluationDeltaLoggingListener - Condition evaluation unchanged
2025-02-24 18:59:37 [restartedMain] INFO  c.s.b.BootcampMicroservicesApplication - Starting BootcampMicroservicesApplication using Java 17.0.2 on DESKTOP-9I11CUN with PID 25932 (D:\WORK\NTT_DATA\entregableFinal\MICROSERVICES\microservice_customer_service\target\classes started by coyaks in D:\WORK\NTT_DATA\entregableFinal\MICROSERVICES\microservice_customer_service)
2025-02-24 18:59:37 [restartedMain] INFO  c.s.b.BootcampMicroservicesApplication - No active profile set, falling back to 1 default profile: "default"
2025-02-24 18:59:37 [restartedMain] INFO  o.s.b.d.e.DevToolsPropertyDefaultsPostProcessor - Devtools property defaults active! Set 'spring.devtools.add-properties' to 'false' to disable
2025-02-24 18:59:37 [restartedMain] INFO  o.s.b.d.e.DevToolsPropertyDefaultsPostProcessor - For additional web related logging consider setting the 'logging.level.web' property to 'DEBUG'
2025-02-24 18:59:37 [restartedMain] INFO  o.s.d.r.c.RepositoryConfigurationDelegate - Multiple Spring Data modules found, entering strict repository configuration mode!
2025-02-24 18:59:37 [restartedMain] INFO  o.s.d.r.c.RepositoryConfigurationDelegate - Bootstrapping Spring Data Reactive MongoDB repositories in DEFAULT mode.
2025-02-24 18:59:37 [restartedMain] INFO  o.s.d.r.c.RepositoryConfigurationDelegate - Finished Spring Data repository scanning in 83 ms. Found 1 Reactive MongoDB repository interfaces.
2025-02-24 18:59:37 [restartedMain] INFO  o.s.b.w.e.tomcat.TomcatWebServer - Tomcat initialized with port(s): 9001 (http)
2025-02-24 18:59:37 [restartedMain] INFO  o.a.coyote.http11.Http11NioProtocol - Initializing ProtocolHandler ["http-nio-9001"]
2025-02-24 18:59:37 [restartedMain] INFO  o.a.catalina.core.StandardService - Starting service [Tomcat]
2025-02-24 18:59:37 [restartedMain] INFO  o.a.catalina.core.StandardEngine - Starting Servlet engine: [Apache Tomcat/9.0.60]
2025-02-24 18:59:38 [restartedMain] INFO  o.a.c.c.C.[Tomcat].[localhost].[/] - Initializing Spring embedded WebApplicationContext
2025-02-24 18:59:38 [restartedMain] INFO  o.s.b.w.s.c.ServletWebServerApplicationContext - Root WebApplicationContext: initialization completed in 873 ms
2025-02-24 18:59:38 [restartedMain] INFO  org.mongodb.driver.cluster - Cluster created with settings {hosts=[localhost:27017], mode=SINGLE, requiredClusterType=UNKNOWN, serverSelectionTimeout='30000 ms'}
2025-02-24 18:59:38 [cluster-ClusterId{value='67bd07ea6e00f6564d040b81', description='null'}-localhost:27017] INFO  org.mongodb.driver.connection - Opened connection [connectionId{localValue:1, serverValue:396}] to localhost:27017
2025-02-24 18:59:38 [cluster-rtt-ClusterId{value='67bd07ea6e00f6564d040b81', description='null'}-localhost:27017] INFO  org.mongodb.driver.connection - Opened connection [connectionId{localValue:2, serverValue:397}] to localhost:27017
2025-02-24 18:59:38 [cluster-ClusterId{value='67bd07ea6e00f6564d040b81', description='null'}-localhost:27017] INFO  org.mongodb.driver.cluster - Monitor thread successfully connected to server with description ServerDescription{address=localhost:27017, type=STANDALONE, state=CONNECTED, ok=true, minWireVersion=0, maxWireVersion=25, maxDocumentSize=16777216, logicalSessionTimeoutMinutes=30, roundTripTimeNanos=29813700}
2025-02-24 18:59:38 [restartedMain] INFO  o.s.b.d.a.OptionalLiveReloadServer - LiveReload server is running on port 35729
2025-02-24 18:59:38 [restartedMain] INFO  o.a.coyote.http11.Http11NioProtocol - Starting ProtocolHandler ["http-nio-9001"]
2025-02-24 18:59:38 [restartedMain] INFO  o.s.b.w.e.tomcat.TomcatWebServer - Tomcat started on port(s): 9001 (http) with context path ''
2025-02-24 18:59:38 [restartedMain] INFO  c.s.b.BootcampMicroservicesApplication - Started BootcampMicroservicesApplication in 1.709 seconds (JVM running for 2.254)
2025-02-24 21:30:58 [restartedMain] INFO  c.s.b.BootcampMicroservicesApplication - Starting BootcampMicroservicesApplication using Java 17.0.2 on DESKTOP-9I11CUN with PID 21384 (D:\WORK\NTT_DATA\entregableFinal\MICROSERVICES\microservice_customer_service\target\classes started by coyaks in D:\WORK\NTT_DATA\entregableFinal\MICROSERVICES\microservice_customer_service)
2025-02-24 21:30:58 [restartedMain] INFO  c.s.b.BootcampMicroservicesApplication - No active profile set, falling back to 1 default profile: "default"
2025-02-24 21:30:58 [restartedMain] INFO  o.s.b.d.e.DevToolsPropertyDefaultsPostProcessor - Devtools property defaults active! Set 'spring.devtools.add-properties' to 'false' to disable
2025-02-24 21:30:58 [restartedMain] INFO  o.s.b.d.e.DevToolsPropertyDefaultsPostProcessor - For additional web related logging consider setting the 'logging.level.web' property to 'DEBUG'
2025-02-24 21:30:58 [restartedMain] INFO  o.s.d.r.c.RepositoryConfigurationDelegate - Multiple Spring Data modules found, entering strict repository configuration mode!
2025-02-24 21:30:58 [restartedMain] INFO  o.s.d.r.c.RepositoryConfigurationDelegate - Bootstrapping Spring Data Reactive MongoDB repositories in DEFAULT mode.
2025-02-24 21:30:58 [restartedMain] INFO  o.s.d.r.c.RepositoryConfigurationDelegate - Finished Spring Data repository scanning in 89 ms. Found 1 Reactive MongoDB repository interfaces.
2025-02-24 21:30:58 [restartedMain] INFO  o.s.b.w.e.tomcat.TomcatWebServer - Tomcat initialized with port(s): 9001 (http)
2025-02-24 21:30:59 [restartedMain] INFO  o.a.coyote.http11.Http11NioProtocol - Initializing ProtocolHandler ["http-nio-9001"]
2025-02-24 21:30:59 [restartedMain] INFO  o.a.catalina.core.StandardService - Starting service [Tomcat]
2025-02-24 21:30:59 [restartedMain] INFO  o.a.catalina.core.StandardEngine - Starting Servlet engine: [Apache Tomcat/9.0.60]
2025-02-24 21:30:59 [restartedMain] INFO  o.a.c.c.C.[Tomcat].[localhost].[/] - Initializing Spring embedded WebApplicationContext
2025-02-24 21:30:59 [restartedMain] INFO  o.s.b.w.s.c.ServletWebServerApplicationContext - Root WebApplicationContext: initialization completed in 881 ms
2025-02-24 21:30:59 [restartedMain] INFO  org.mongodb.driver.cluster - Cluster created with settings {hosts=[localhost:27017], mode=SINGLE, requiredClusterType=UNKNOWN, serverSelectionTimeout='30000 ms'}
2025-02-24 21:30:59 [cluster-ClusterId{value='67bd2b636c516c305facf2d2', description='null'}-localhost:27017] INFO  org.mongodb.driver.connection - Opened connection [connectionId{localValue:1, serverValue:399}] to localhost:27017
2025-02-24 21:30:59 [cluster-rtt-ClusterId{value='67bd2b636c516c305facf2d2', description='null'}-localhost:27017] INFO  org.mongodb.driver.connection - Opened connection [connectionId{localValue:2, serverValue:398}] to localhost:27017
2025-02-24 21:30:59 [cluster-ClusterId{value='67bd2b636c516c305facf2d2', description='null'}-localhost:27017] INFO  org.mongodb.driver.cluster - Monitor thread successfully connected to server with description ServerDescription{address=localhost:27017, type=STANDALONE, state=CONNECTED, ok=true, minWireVersion=0, maxWireVersion=25, maxDocumentSize=16777216, logicalSessionTimeoutMinutes=30, roundTripTimeNanos=28150400}
2025-02-24 21:30:59 [restartedMain] INFO  o.s.b.d.a.OptionalLiveReloadServer - LiveReload server is running on port 35729
2025-02-24 21:30:59 [restartedMain] INFO  o.a.coyote.http11.Http11NioProtocol - Starting ProtocolHandler ["http-nio-9001"]
2025-02-24 21:30:59 [restartedMain] INFO  o.s.b.w.e.tomcat.TomcatWebServer - Tomcat started on port(s): 9001 (http) with context path ''
2025-02-24 21:30:59 [restartedMain] INFO  c.s.b.BootcampMicroservicesApplication - Started BootcampMicroservicesApplication in 1.767 seconds (JVM running for 2.319)
2025-02-24 21:31:10 [http-nio-9001-exec-2] INFO  o.a.c.c.C.[Tomcat].[localhost].[/] - Initializing Spring DispatcherServlet 'dispatcherServlet'
2025-02-24 21:31:10 [http-nio-9001-exec-2] INFO  o.s.web.servlet.DispatcherServlet - Initializing Servlet 'dispatcherServlet'
2025-02-24 21:31:10 [http-nio-9001-exec-2] INFO  o.s.web.servlet.DispatcherServlet - Completed initialization in 1 ms
2025-02-24 21:31:10 [http-nio-9001-exec-2] INFO  c.s.b.controller.CustomerController - Fetching all customers
2025-02-24 21:31:10 [Thread-15] INFO  org.mongodb.driver.connection - Opened connection [connectionId{localValue:3, serverValue:400}] to localhost:27017
2025-02-24 21:31:10 [Thread-15] INFO  c.s.b.controller.CustomerController - Customer found: CustomerDTO(id=67bc5049652bf702f7552f25, customerType=PERSONAL, name=Coyaks, surname=Perez, documentType=DNI, documentNumber=12345678, email=coyaks@example.com, phone=999999999)
2025-02-24 21:31:10 [Thread-15] INFO  c.s.b.controller.CustomerController - All customers fetched successfully.
2025-02-24 21:35:47 [restartedMain] INFO  c.s.b.BootcampMicroservicesApplication - Starting BootcampMicroservicesApplication using Java 17.0.2 on DESKTOP-9I11CUN with PID 21384 (D:\WORK\NTT_DATA\entregableFinal\MICROSERVICES\microservice_customer_service\target\classes started by coyaks in D:\WORK\NTT_DATA\entregableFinal\MICROSERVICES\microservice_customer_service)
2025-02-24 21:35:47 [restartedMain] INFO  c.s.b.BootcampMicroservicesApplication - No active profile set, falling back to 1 default profile: "default"
2025-02-24 21:35:48 [restartedMain] INFO  o.s.d.r.c.RepositoryConfigurationDelegate - Multiple Spring Data modules found, entering strict repository configuration mode!
2025-02-24 21:35:48 [restartedMain] INFO  o.s.d.r.c.RepositoryConfigurationDelegate - Bootstrapping Spring Data Reactive MongoDB repositories in DEFAULT mode.
2025-02-24 21:35:48 [restartedMain] INFO  o.s.d.r.c.RepositoryConfigurationDelegate - Finished Spring Data repository scanning in 7 ms. Found 1 Reactive MongoDB repository interfaces.
2025-02-24 21:35:48 [restartedMain] INFO  o.s.b.w.e.tomcat.TomcatWebServer - Tomcat initialized with port(s): 9001 (http)
2025-02-24 21:35:48 [restartedMain] INFO  o.a.coyote.http11.Http11NioProtocol - Initializing ProtocolHandler ["http-nio-9001"]
2025-02-24 21:35:48 [restartedMain] INFO  o.a.catalina.core.StandardService - Starting service [Tomcat]
2025-02-24 21:35:48 [restartedMain] INFO  o.a.catalina.core.StandardEngine - Starting Servlet engine: [Apache Tomcat/9.0.60]
2025-02-24 21:35:48 [restartedMain] INFO  o.a.c.c.C.[Tomcat].[localhost].[/] - Initializing Spring embedded WebApplicationContext
2025-02-24 21:35:48 [restartedMain] INFO  o.s.b.w.s.c.ServletWebServerApplicationContext - Root WebApplicationContext: initialization completed in 236 ms
2025-02-24 21:35:48 [restartedMain] INFO  org.mongodb.driver.cluster - Cluster created with settings {hosts=[localhost:27017], mode=SINGLE, requiredClusterType=UNKNOWN, serverSelectionTimeout='30000 ms'}
2025-02-24 21:35:48 [cluster-rtt-ClusterId{value='67bd2c846c516c305facf2d3', description='null'}-localhost:27017] INFO  org.mongodb.driver.connection - Opened connection [connectionId{localValue:5, serverValue:424}] to localhost:27017
2025-02-24 21:35:48 [cluster-ClusterId{value='67bd2c846c516c305facf2d3', description='null'}-localhost:27017] INFO  org.mongodb.driver.connection - Opened connection [connectionId{localValue:4, serverValue:425}] to localhost:27017
2025-02-24 21:35:48 [cluster-ClusterId{value='67bd2c846c516c305facf2d3', description='null'}-localhost:27017] INFO  org.mongodb.driver.cluster - Monitor thread successfully connected to server with description ServerDescription{address=localhost:27017, type=STANDALONE, state=CONNECTED, ok=true, minWireVersion=0, maxWireVersion=25, maxDocumentSize=16777216, logicalSessionTimeoutMinutes=30, roundTripTimeNanos=1979300}
2025-02-24 21:35:48 [restartedMain] INFO  o.s.b.d.a.OptionalLiveReloadServer - LiveReload server is running on port 35729
2025-02-24 21:35:48 [restartedMain] INFO  o.a.coyote.http11.Http11NioProtocol - Starting ProtocolHandler ["http-nio-9001"]
2025-02-24 21:35:48 [restartedMain] INFO  o.s.b.w.e.tomcat.TomcatWebServer - Tomcat started on port(s): 9001 (http) with context path ''
2025-02-24 21:35:48 [restartedMain] INFO  c.s.b.BootcampMicroservicesApplication - Started BootcampMicroservicesApplication in 0.394 seconds (JVM running for 291.042)
2025-02-24 21:35:48 [restartedMain] INFO  o.s.b.d.a.ConditionEvaluationDeltaLoggingListener - Condition evaluation unchanged
2025-02-24 21:35:49 [restartedMain] INFO  c.s.b.BootcampMicroservicesApplication - Starting BootcampMicroservicesApplication using Java 17.0.2 on DESKTOP-9I11CUN with PID 21384 (D:\WORK\NTT_DATA\entregableFinal\MICROSERVICES\microservice_customer_service\target\classes started by coyaks in D:\WORK\NTT_DATA\entregableFinal\MICROSERVICES\microservice_customer_service)
2025-02-24 21:35:49 [restartedMain] INFO  c.s.b.BootcampMicroservicesApplication - No active profile set, falling back to 1 default profile: "default"
2025-02-24 21:35:49 [restartedMain] INFO  o.s.d.r.c.RepositoryConfigurationDelegate - Multiple Spring Data modules found, entering strict repository configuration mode!
2025-02-24 21:35:49 [restartedMain] INFO  o.s.d.r.c.RepositoryConfigurationDelegate - Bootstrapping Spring Data Reactive MongoDB repositories in DEFAULT mode.
2025-02-24 21:35:49 [restartedMain] INFO  o.s.d.r.c.RepositoryConfigurationDelegate - Finished Spring Data repository scanning in 5 ms. Found 1 Reactive MongoDB repository interfaces.
2025-02-24 21:35:49 [restartedMain] INFO  o.s.b.w.e.tomcat.TomcatWebServer - Tomcat initialized with port(s): 9001 (http)
2025-02-24 21:35:49 [restartedMain] INFO  o.a.coyote.http11.Http11NioProtocol - Initializing ProtocolHandler ["http-nio-9001"]
2025-02-24 21:35:49 [restartedMain] INFO  o.a.catalina.core.StandardService - Starting service [Tomcat]
2025-02-24 21:35:49 [restartedMain] INFO  o.a.catalina.core.StandardEngine - Starting Servlet engine: [Apache Tomcat/9.0.60]
2025-02-24 21:35:49 [restartedMain] INFO  o.a.c.c.C.[Tomcat].[localhost].[/] - Initializing Spring embedded WebApplicationContext
2025-02-24 21:35:49 [restartedMain] INFO  o.s.b.w.s.c.ServletWebServerApplicationContext - Root WebApplicationContext: initialization completed in 157 ms
2025-02-24 21:35:50 [restartedMain] INFO  org.mongodb.driver.cluster - Cluster created with settings {hosts=[localhost:27017], mode=SINGLE, requiredClusterType=UNKNOWN, serverSelectionTimeout='30000 ms'}
2025-02-24 21:35:50 [cluster-rtt-ClusterId{value='67bd2c866c516c305facf2d4', description='null'}-localhost:27017] INFO  org.mongodb.driver.connection - Opened connection [connectionId{localValue:7, serverValue:426}] to localhost:27017
2025-02-24 21:35:50 [cluster-ClusterId{value='67bd2c866c516c305facf2d4', description='null'}-localhost:27017] INFO  org.mongodb.driver.connection - Opened connection [connectionId{localValue:6, serverValue:427}] to localhost:27017
2025-02-24 21:35:50 [cluster-ClusterId{value='67bd2c866c516c305facf2d4', description='null'}-localhost:27017] INFO  org.mongodb.driver.cluster - Monitor thread successfully connected to server with description ServerDescription{address=localhost:27017, type=STANDALONE, state=CONNECTED, ok=true, minWireVersion=0, maxWireVersion=25, maxDocumentSize=16777216, logicalSessionTimeoutMinutes=30, roundTripTimeNanos=1778600}
2025-02-24 21:35:50 [restartedMain] INFO  o.s.b.d.a.OptionalLiveReloadServer - LiveReload server is running on port 35729
2025-02-24 21:35:50 [restartedMain] INFO  o.a.coyote.http11.Http11NioProtocol - Starting ProtocolHandler ["http-nio-9001"]
2025-02-24 21:35:50 [restartedMain] INFO  o.s.b.w.e.tomcat.TomcatWebServer - Tomcat started on port(s): 9001 (http) with context path ''
2025-02-24 21:35:50 [restartedMain] INFO  c.s.b.BootcampMicroservicesApplication - Started BootcampMicroservicesApplication in 0.261 seconds (JVM running for 292.783)
2025-02-24 21:35:50 [restartedMain] INFO  o.s.b.d.a.ConditionEvaluationDeltaLoggingListener - Condition evaluation unchanged
2025-02-24 21:36:05 [restartedMain] INFO  c.s.b.BootcampMicroservicesApplication - Starting BootcampMicroservicesApplication using Java 17.0.2 on DESKTOP-9I11CUN with PID 21384 (D:\WORK\NTT_DATA\entregableFinal\MICROSERVICES\microservice_customer_service\target\classes started by coyaks in D:\WORK\NTT_DATA\entregableFinal\MICROSERVICES\microservice_customer_service)
2025-02-24 21:36:05 [restartedMain] INFO  c.s.b.BootcampMicroservicesApplication - No active profile set, falling back to 1 default profile: "default"
2025-02-24 21:36:05 [restartedMain] INFO  o.s.d.r.c.RepositoryConfigurationDelegate - Multiple Spring Data modules found, entering strict repository configuration mode!
2025-02-24 21:36:05 [restartedMain] INFO  o.s.d.r.c.RepositoryConfigurationDelegate - Bootstrapping Spring Data Reactive MongoDB repositories in DEFAULT mode.
2025-02-24 21:36:05 [restartedMain] INFO  o.s.d.r.c.RepositoryConfigurationDelegate - Finished Spring Data repository scanning in 6 ms. Found 1 Reactive MongoDB repository interfaces.
2025-02-24 21:36:06 [restartedMain] INFO  o.s.b.w.e.tomcat.TomcatWebServer - Tomcat initialized with port(s): 9001 (http)
2025-02-24 21:36:06 [restartedMain] INFO  o.a.coyote.http11.Http11NioProtocol - Initializing ProtocolHandler ["http-nio-9001"]
2025-02-24 21:36:06 [restartedMain] INFO  o.a.catalina.core.StandardService - Starting service [Tomcat]
2025-02-24 21:36:06 [restartedMain] INFO  o.a.catalina.core.StandardEngine - Starting Servlet engine: [Apache Tomcat/9.0.60]
2025-02-24 21:36:06 [restartedMain] INFO  o.a.c.c.C.[Tomcat].[localhost].[/] - Initializing Spring embedded WebApplicationContext
2025-02-24 21:36:06 [restartedMain] INFO  o.s.b.w.s.c.ServletWebServerApplicationContext - Root WebApplicationContext: initialization completed in 161 ms
2025-02-24 21:36:06 [restartedMain] INFO  org.mongodb.driver.cluster - Cluster created with settings {hosts=[localhost:27017], mode=SINGLE, requiredClusterType=UNKNOWN, serverSelectionTimeout='30000 ms'}
2025-02-24 21:36:06 [cluster-rtt-ClusterId{value='67bd2c966c516c305facf2d5', description='null'}-localhost:27017] INFO  org.mongodb.driver.connection - Opened connection [connectionId{localValue:9, serverValue:428}] to localhost:27017
2025-02-24 21:36:06 [cluster-ClusterId{value='67bd2c966c516c305facf2d5', description='null'}-localhost:27017] INFO  org.mongodb.driver.connection - Opened connection [connectionId{localValue:8, serverValue:429}] to localhost:27017
2025-02-24 21:36:06 [cluster-ClusterId{value='67bd2c966c516c305facf2d5', description='null'}-localhost:27017] INFO  org.mongodb.driver.cluster - Monitor thread successfully connected to server with description ServerDescription{address=localhost:27017, type=STANDALONE, state=CONNECTED, ok=true, minWireVersion=0, maxWireVersion=25, maxDocumentSize=16777216, logicalSessionTimeoutMinutes=30, roundTripTimeNanos=1794900}
2025-02-24 21:36:06 [restartedMain] INFO  o.s.b.d.a.OptionalLiveReloadServer - LiveReload server is running on port 35729
2025-02-24 21:36:06 [restartedMain] INFO  o.a.coyote.http11.Http11NioProtocol - Starting ProtocolHandler ["http-nio-9001"]
2025-02-24 21:36:06 [restartedMain] INFO  o.s.b.w.e.tomcat.TomcatWebServer - Tomcat started on port(s): 9001 (http) with context path ''
2025-02-24 21:36:06 [restartedMain] INFO  c.s.b.BootcampMicroservicesApplication - Started BootcampMicroservicesApplication in 0.281 seconds (JVM running for 308.825)
2025-02-24 21:36:06 [restartedMain] INFO  o.s.b.d.a.ConditionEvaluationDeltaLoggingListener - Condition evaluation unchanged
2025-02-24 21:36:07 [restartedMain] INFO  c.s.b.BootcampMicroservicesApplication - Starting BootcampMicroservicesApplication using Java 17.0.2 on DESKTOP-9I11CUN with PID 21384 (D:\WORK\NTT_DATA\entregableFinal\MICROSERVICES\microservice_customer_service\target\classes started by coyaks in D:\WORK\NTT_DATA\entregableFinal\MICROSERVICES\microservice_customer_service)
2025-02-24 21:36:07 [restartedMain] INFO  c.s.b.BootcampMicroservicesApplication - No active profile set, falling back to 1 default profile: "default"
2025-02-24 21:36:07 [restartedMain] INFO  o.s.d.r.c.RepositoryConfigurationDelegate - Multiple Spring Data modules found, entering strict repository configuration mode!
2025-02-24 21:36:07 [restartedMain] INFO  o.s.d.r.c.RepositoryConfigurationDelegate - Bootstrapping Spring Data Reactive MongoDB repositories in DEFAULT mode.
2025-02-24 21:36:07 [restartedMain] INFO  o.s.d.r.c.RepositoryConfigurationDelegate - Finished Spring Data repository scanning in 4 ms. Found 1 Reactive MongoDB repository interfaces.
2025-02-24 21:36:07 [restartedMain] INFO  o.s.b.w.e.tomcat.TomcatWebServer - Tomcat initialized with port(s): 9001 (http)
2025-02-24 21:36:07 [restartedMain] INFO  o.a.coyote.http11.Http11NioProtocol - Initializing ProtocolHandler ["http-nio-9001"]
2025-02-24 21:36:07 [restartedMain] INFO  o.a.catalina.core.StandardService - Starting service [Tomcat]
2025-02-24 21:36:07 [restartedMain] INFO  o.a.catalina.core.StandardEngine - Starting Servlet engine: [Apache Tomcat/9.0.60]
2025-02-24 21:36:07 [restartedMain] INFO  o.a.c.c.C.[Tomcat].[localhost].[/] - Initializing Spring embedded WebApplicationContext
2025-02-24 21:36:07 [restartedMain] INFO  o.s.b.w.s.c.ServletWebServerApplicationContext - Root WebApplicationContext: initialization completed in 121 ms
2025-02-24 21:36:07 [restartedMain] INFO  org.mongodb.driver.cluster - Cluster created with settings {hosts=[localhost:27017], mode=SINGLE, requiredClusterType=UNKNOWN, serverSelectionTimeout='30000 ms'}
2025-02-24 21:36:07 [restartedMain] INFO  o.s.b.d.a.OptionalLiveReloadServer - LiveReload server is running on port 35729
2025-02-24 21:36:07 [cluster-rtt-ClusterId{value='67bd2c976c516c305facf2d6', description='null'}-localhost:27017] INFO  org.mongodb.driver.connection - Opened connection [connectionId{localValue:11, serverValue:430}] to localhost:27017
2025-02-24 21:36:07 [cluster-ClusterId{value='67bd2c976c516c305facf2d6', description='null'}-localhost:27017] INFO  org.mongodb.driver.connection - Opened connection [connectionId{localValue:10, serverValue:431}] to localhost:27017
2025-02-24 21:36:07 [cluster-ClusterId{value='67bd2c976c516c305facf2d6', description='null'}-localhost:27017] INFO  org.mongodb.driver.cluster - Monitor thread successfully connected to server with description ServerDescription{address=localhost:27017, type=STANDALONE, state=CONNECTED, ok=true, minWireVersion=0, maxWireVersion=25, maxDocumentSize=16777216, logicalSessionTimeoutMinutes=30, roundTripTimeNanos=9000800}
2025-02-24 21:36:07 [restartedMain] INFO  o.a.coyote.http11.Http11NioProtocol - Starting ProtocolHandler ["http-nio-9001"]
2025-02-24 21:36:07 [restartedMain] INFO  o.s.b.w.e.tomcat.TomcatWebServer - Tomcat started on port(s): 9001 (http) with context path ''
2025-02-24 21:36:07 [restartedMain] INFO  c.s.b.BootcampMicroservicesApplication - Started BootcampMicroservicesApplication in 0.206 seconds (JVM running for 310.514)
2025-02-24 21:36:07 [restartedMain] INFO  o.s.b.d.a.ConditionEvaluationDeltaLoggingListener - Condition evaluation unchanged
2025-02-24 21:37:51 [restartedMain] INFO  c.s.b.BootcampMicroservicesApplication - Starting BootcampMicroservicesApplication using Java 17.0.2 on DESKTOP-9I11CUN with PID 21384 (D:\WORK\NTT_DATA\entregableFinal\MICROSERVICES\microservice_customer_service\target\classes started by coyaks in D:\WORK\NTT_DATA\entregableFinal\MICROSERVICES\microservice_customer_service)
2025-02-24 21:37:51 [restartedMain] INFO  c.s.b.BootcampMicroservicesApplication - No active profile set, falling back to 1 default profile: "default"
2025-02-24 21:37:51 [restartedMain] INFO  o.s.d.r.c.RepositoryConfigurationDelegate - Multiple Spring Data modules found, entering strict repository configuration mode!
2025-02-24 21:37:51 [restartedMain] INFO  o.s.d.r.c.RepositoryConfigurationDelegate - Bootstrapping Spring Data Reactive MongoDB repositories in DEFAULT mode.
2025-02-24 21:37:51 [restartedMain] INFO  o.s.d.r.c.RepositoryConfigurationDelegate - Finished Spring Data repository scanning in 4 ms. Found 1 Reactive MongoDB repository interfaces.
2025-02-24 21:37:51 [restartedMain] INFO  o.s.b.w.e.tomcat.TomcatWebServer - Tomcat initialized with port(s): 9001 (http)
2025-02-24 21:37:51 [restartedMain] INFO  o.a.coyote.http11.Http11NioProtocol - Initializing ProtocolHandler ["http-nio-9001"]
2025-02-24 21:37:51 [restartedMain] INFO  o.a.catalina.core.StandardService - Starting service [Tomcat]
2025-02-24 21:37:51 [restartedMain] INFO  o.a.catalina.core.StandardEngine - Starting Servlet engine: [Apache Tomcat/9.0.60]
2025-02-24 21:37:51 [restartedMain] INFO  o.a.c.c.C.[Tomcat].[localhost].[/] - Initializing Spring embedded WebApplicationContext
2025-02-24 21:37:51 [restartedMain] INFO  o.s.b.w.s.c.ServletWebServerApplicationContext - Root WebApplicationContext: initialization completed in 143 ms
2025-02-24 21:37:51 [restartedMain] INFO  org.mongodb.driver.cluster - Cluster created with settings {hosts=[localhost:27017], mode=SINGLE, requiredClusterType=UNKNOWN, serverSelectionTimeout='30000 ms'}
2025-02-24 21:37:51 [cluster-rtt-ClusterId{value='67bd2cff6c516c305facf2d7', description='null'}-localhost:27017] INFO  org.mongodb.driver.connection - Opened connection [connectionId{localValue:13, serverValue:444}] to localhost:27017
2025-02-24 21:37:51 [cluster-ClusterId{value='67bd2cff6c516c305facf2d7', description='null'}-localhost:27017] INFO  org.mongodb.driver.connection - Opened connection [connectionId{localValue:12, serverValue:445}] to localhost:27017
2025-02-24 21:37:51 [cluster-ClusterId{value='67bd2cff6c516c305facf2d7', description='null'}-localhost:27017] INFO  org.mongodb.driver.cluster - Monitor thread successfully connected to server with description ServerDescription{address=localhost:27017, type=STANDALONE, state=CONNECTED, ok=true, minWireVersion=0, maxWireVersion=25, maxDocumentSize=16777216, logicalSessionTimeoutMinutes=30, roundTripTimeNanos=1858200}
2025-02-24 21:37:51 [restartedMain] INFO  o.s.b.d.a.OptionalLiveReloadServer - LiveReload server is running on port 35729
2025-02-24 21:37:51 [restartedMain] INFO  o.a.coyote.http11.Http11NioProtocol - Starting ProtocolHandler ["http-nio-9001"]
2025-02-24 21:37:51 [restartedMain] INFO  o.s.b.w.e.tomcat.TomcatWebServer - Tomcat started on port(s): 9001 (http) with context path ''
2025-02-24 21:37:51 [restartedMain] INFO  c.s.b.BootcampMicroservicesApplication - Started BootcampMicroservicesApplication in 0.254 seconds (JVM running for 414.011)
2025-02-24 21:37:51 [restartedMain] INFO  o.s.b.d.a.ConditionEvaluationDeltaLoggingListener - Condition evaluation unchanged
2025-02-24 21:37:52 [restartedMain] INFO  c.s.b.BootcampMicroservicesApplication - Starting BootcampMicroservicesApplication using Java 17.0.2 on DESKTOP-9I11CUN with PID 21384 (D:\WORK\NTT_DATA\entregableFinal\MICROSERVICES\microservice_customer_service\target\classes started by coyaks in D:\WORK\NTT_DATA\entregableFinal\MICROSERVICES\microservice_customer_service)
2025-02-24 21:37:52 [restartedMain] INFO  c.s.b.BootcampMicroservicesApplication - No active profile set, falling back to 1 default profile: "default"
2025-02-24 21:37:52 [restartedMain] INFO  o.s.d.r.c.RepositoryConfigurationDelegate - Multiple Spring Data modules found, entering strict repository configuration mode!
2025-02-24 21:37:52 [restartedMain] INFO  o.s.d.r.c.RepositoryConfigurationDelegate - Bootstrapping Spring Data Reactive MongoDB repositories in DEFAULT mode.
2025-02-24 21:37:52 [restartedMain] INFO  o.s.d.r.c.RepositoryConfigurationDelegate - Finished Spring Data repository scanning in 4 ms. Found 1 Reactive MongoDB repository interfaces.
2025-02-24 21:37:52 [restartedMain] INFO  o.s.b.w.e.tomcat.TomcatWebServer - Tomcat initialized with port(s): 9001 (http)
2025-02-24 21:37:52 [restartedMain] INFO  o.a.coyote.http11.Http11NioProtocol - Initializing ProtocolHandler ["http-nio-9001"]
2025-02-24 21:37:52 [restartedMain] INFO  o.a.catalina.core.StandardService - Starting service [Tomcat]
2025-02-24 21:37:52 [restartedMain] INFO  o.a.catalina.core.StandardEngine - Starting Servlet engine: [Apache Tomcat/9.0.60]
2025-02-24 21:37:52 [restartedMain] INFO  o.a.c.c.C.[Tomcat].[localhost].[/] - Initializing Spring embedded WebApplicationContext
2025-02-24 21:37:52 [restartedMain] INFO  o.s.b.w.s.c.ServletWebServerApplicationContext - Root WebApplicationContext: initialization completed in 126 ms
2025-02-24 21:37:52 [restartedMain] INFO  org.mongodb.driver.cluster - Cluster created with settings {hosts=[localhost:27017], mode=SINGLE, requiredClusterType=UNKNOWN, serverSelectionTimeout='30000 ms'}
2025-02-24 21:37:52 [cluster-ClusterId{value='67bd2d006c516c305facf2d8', description='null'}-localhost:27017] INFO  org.mongodb.driver.connection - Opened connection [connectionId{localValue:14, serverValue:446}] to localhost:27017
2025-02-24 21:37:52 [cluster-rtt-ClusterId{value='67bd2d006c516c305facf2d8', description='null'}-localhost:27017] INFO  org.mongodb.driver.connection - Opened connection [connectionId{localValue:15, serverValue:447}] to localhost:27017
2025-02-24 21:37:52 [cluster-ClusterId{value='67bd2d006c516c305facf2d8', description='null'}-localhost:27017] INFO  org.mongodb.driver.cluster - Monitor thread successfully connected to server with description ServerDescription{address=localhost:27017, type=STANDALONE, state=CONNECTED, ok=true, minWireVersion=0, maxWireVersion=25, maxDocumentSize=16777216, logicalSessionTimeoutMinutes=30, roundTripTimeNanos=1255200}
2025-02-24 21:37:52 [restartedMain] INFO  o.s.b.d.a.OptionalLiveReloadServer - LiveReload server is running on port 35729
2025-02-24 21:37:52 [restartedMain] INFO  o.a.coyote.http11.Http11NioProtocol - Starting ProtocolHandler ["http-nio-9001"]
2025-02-24 21:37:52 [restartedMain] INFO  o.s.b.w.e.tomcat.TomcatWebServer - Tomcat started on port(s): 9001 (http) with context path ''
2025-02-24 21:37:53 [restartedMain] INFO  c.s.b.BootcampMicroservicesApplication - Started BootcampMicroservicesApplication in 0.213 seconds (JVM running for 415.706)
2025-02-24 21:37:53 [restartedMain] INFO  o.s.b.d.a.ConditionEvaluationDeltaLoggingListener - Condition evaluation unchanged
2025-02-24 23:05:47 [http-nio-9001-exec-3] INFO  o.a.c.c.C.[Tomcat].[localhost].[/] - Initializing Spring DispatcherServlet 'dispatcherServlet'
2025-02-24 23:05:47 [http-nio-9001-exec-3] INFO  o.s.web.servlet.DispatcherServlet - Initializing Servlet 'dispatcherServlet'
2025-02-24 23:05:47 [http-nio-9001-exec-3] INFO  o.s.web.servlet.DispatcherServlet - Completed initialization in 9 ms
2025-02-24 23:05:47 [http-nio-9001-exec-3] INFO  c.s.b.controller.CustomerController - Fetching all customers
2025-02-24 23:05:47 [Thread-16] INFO  org.mongodb.driver.connection - Opened connection [connectionId{localValue:16, serverValue:522}] to localhost:27017
2025-02-24 23:05:47 [Thread-16] INFO  c.s.b.controller.CustomerController - Customer found: CustomerDTO(id=67bc5049652bf702f7552f25, customerType=PERSONAL, name=Coyaks, surname=Perez, documentType=DNI, documentNumber=12345678, email=coyaks@example.com, phone=999999999)
2025-02-24 23:05:47 [Thread-16] INFO  c.s.b.controller.CustomerController - All customers fetched successfully.
2025-02-24 23:06:19 [http-nio-9001-exec-4] INFO  c.s.b.controller.CustomerController - Fetching customer with ID: 67bc5049652bf702f7552f25_
2025-02-24 23:08:35 [http-nio-9001-exec-7] INFO  c.s.b.controller.CustomerController - Fetching customer with ID: 67bc5049652bf702f7552f25_
2025-02-24 23:10:43 [restartedMain] INFO  c.s.b.BootcampMicroservicesApplication - Starting BootcampMicroservicesApplication using Java 17.0.2 on DESKTOP-9I11CUN with PID 27340 (D:\WORK\NTT_DATA\entregableFinal\MICROSERVICES\microservice_customer_service\target\classes started by coyaks in D:\WORK\NTT_DATA\entregableFinal\MICROSERVICES\microservice_customer_service)
2025-02-24 23:10:43 [restartedMain] INFO  c.s.b.BootcampMicroservicesApplication - No active profile set, falling back to 1 default profile: "default"
2025-02-24 23:10:43 [restartedMain] INFO  o.s.b.d.e.DevToolsPropertyDefaultsPostProcessor - Devtools property defaults active! Set 'spring.devtools.add-properties' to 'false' to disable
2025-02-24 23:10:43 [restartedMain] INFO  o.s.b.d.e.DevToolsPropertyDefaultsPostProcessor - For additional web related logging consider setting the 'logging.level.web' property to 'DEBUG'
2025-02-24 23:10:43 [restartedMain] INFO  o.s.d.r.c.RepositoryConfigurationDelegate - Multiple Spring Data modules found, entering strict repository configuration mode!
2025-02-24 23:10:43 [restartedMain] INFO  o.s.d.r.c.RepositoryConfigurationDelegate - Bootstrapping Spring Data Reactive MongoDB repositories in DEFAULT mode.
2025-02-24 23:10:43 [restartedMain] INFO  o.s.d.r.c.RepositoryConfigurationDelegate - Finished Spring Data repository scanning in 82 ms. Found 1 Reactive MongoDB repository interfaces.
2025-02-24 23:10:44 [restartedMain] INFO  o.s.b.w.e.tomcat.TomcatWebServer - Tomcat initialized with port(s): 9001 (http)
2025-02-24 23:10:44 [restartedMain] INFO  o.a.coyote.http11.Http11NioProtocol - Initializing ProtocolHandler ["http-nio-9001"]
2025-02-24 23:10:44 [restartedMain] INFO  o.a.catalina.core.StandardService - Starting service [Tomcat]
2025-02-24 23:10:44 [restartedMain] INFO  o.a.catalina.core.StandardEngine - Starting Servlet engine: [Apache Tomcat/9.0.60]
2025-02-24 23:10:44 [restartedMain] INFO  o.a.c.c.C.[Tomcat].[localhost].[/] - Initializing Spring embedded WebApplicationContext
2025-02-24 23:10:44 [restartedMain] INFO  o.s.b.w.s.c.ServletWebServerApplicationContext - Root WebApplicationContext: initialization completed in 855 ms
2025-02-24 23:10:44 [restartedMain] INFO  org.mongodb.driver.cluster - Cluster created with settings {hosts=[localhost:27017], mode=SINGLE, requiredClusterType=UNKNOWN, serverSelectionTimeout='30000 ms'}
2025-02-24 23:10:44 [cluster-rtt-ClusterId{value='67bd42c414e40e4fee446154', description='null'}-localhost:27017] INFO  org.mongodb.driver.connection - Opened connection [connectionId{localValue:2, serverValue:524}] to localhost:27017
2025-02-24 23:10:44 [cluster-ClusterId{value='67bd42c414e40e4fee446154', description='null'}-localhost:27017] INFO  org.mongodb.driver.connection - Opened connection [connectionId{localValue:1, serverValue:523}] to localhost:27017
2025-02-24 23:10:44 [cluster-ClusterId{value='67bd42c414e40e4fee446154', description='null'}-localhost:27017] INFO  org.mongodb.driver.cluster - Monitor thread successfully connected to server with description ServerDescription{address=localhost:27017, type=STANDALONE, state=CONNECTED, ok=true, minWireVersion=0, maxWireVersion=25, maxDocumentSize=16777216, logicalSessionTimeoutMinutes=30, roundTripTimeNanos=17807900}
2025-02-24 23:10:44 [restartedMain] INFO  o.s.b.d.a.OptionalLiveReloadServer - LiveReload server is running on port 35729
2025-02-24 23:10:44 [restartedMain] INFO  o.a.coyote.http11.Http11NioProtocol - Starting ProtocolHandler ["http-nio-9001"]
2025-02-24 23:10:44 [restartedMain] INFO  o.s.b.w.e.tomcat.TomcatWebServer - Tomcat started on port(s): 9001 (http) with context path ''
2025-02-24 23:10:44 [restartedMain] INFO  c.s.b.BootcampMicroservicesApplication - Started BootcampMicroservicesApplication in 1.741 seconds (JVM running for 2.308)
2025-02-24 23:11:00 [http-nio-9001-exec-2] INFO  o.a.c.c.C.[Tomcat].[localhost].[/] - Initializing Spring DispatcherServlet 'dispatcherServlet'
2025-02-24 23:11:00 [http-nio-9001-exec-2] INFO  o.s.web.servlet.DispatcherServlet - Initializing Servlet 'dispatcherServlet'
2025-02-24 23:11:00 [http-nio-9001-exec-2] INFO  o.s.web.servlet.DispatcherServlet - Completed initialization in 0 ms
2025-02-24 23:11:00 [http-nio-9001-exec-2] INFO  c.s.b.controller.CustomerController - Fetching customer with ID: 67bc5049652bf702f7552f25_
2025-02-24 23:11:00 [Thread-15] INFO  org.mongodb.driver.connection - Opened connection [connectionId{localValue:3, serverValue:525}] to localhost:27017
2025-02-24 23:11:54 [http-nio-9001-exec-6] INFO  c.s.b.controller.CustomerController - Fetching customer with ID: 67bc5049652bf702f7552f25
2025-02-24 23:11:54 [Thread-16] INFO  c.s.b.controller.CustomerController - Customer found: CustomerDTO(id=67bc5049652bf702f7552f25, customerType=PERSONAL, name=Coyaks, surname=Perez, documentType=DNI, documentNumber=12345678, email=coyaks@example.com, phone=999999999)
2025-02-24 23:15:29 [http-nio-9001-exec-9] INFO  c.s.b.controller.CustomerController - Fetching customer with ID: 67bc5049652bf702f7552f25_
2025-02-24 23:18:45 [http-nio-9001-exec-6] INFO  c.s.b.controller.CustomerController - Fetching all customers
2025-02-24 23:18:45 [Thread-16] INFO  c.s.b.controller.CustomerController - Customer found: CustomerDTO(id=67bc5049652bf702f7552f25, customerType=PERSONAL, name=Coyaks, surname=Perez, documentType=DNI, documentNumber=12345678, email=coyaks@example.com, phone=999999999)
2025-02-24 23:18:45 [Thread-16] INFO  c.s.b.controller.CustomerController - All customers fetched successfully.
2025-02-24 23:18:55 [http-nio-9001-exec-4] INFO  c.s.b.controller.CustomerController - Fetching customer with ID: 67bc5049652bf702f7552f25_
2025-02-24 23:20:10 [http-nio-9001-exec-10] INFO  c.s.b.controller.CustomerController - Fetching customer with ID: 67bc5049652bf702f7552f25
2025-02-24 23:20:10 [Thread-15] INFO  c.s.b.controller.CustomerController - Customer found: CustomerDTO(id=67bc5049652bf702f7552f25, customerType=PERSONAL, name=Coyaks, surname=Perez, documentType=DNI, documentNumber=12345678, email=coyaks@example.com, phone=999999999)
