2025-02-25 00:56:30 [http-nio-9001-exec-5] INFO  c.s.b.controller.CustomerController - Fetching all customers
2025-02-25 00:56:30 [Thread-16] INFO  c.s.b.controller.CustomerController - Customer found: CustomerDTO(id=67bc5049652bf702f7552f25, customerType=PERSONAL, name=Coyaks, surname=Perez, documentType=DNI, documentNumber=12345678, email=coyaks@example.com, phone=999999999)
2025-02-25 00:56:30 [Thread-16] INFO  c.s.b.controller.CustomerController - All customers fetched successfully.
2025-02-25 01:04:43 [restartedMain] INFO  c.s.b.BootcampMicroservicesApplication - Starting BootcampMicroservicesApplication using Java 17.0.2 on DESKTOP-9I11CUN with PID 27340 (D:\WORK\NTT_DATA\entregableFinal\MICROSERVICES\microservice_customer_service\target\classes started by coyaks in D:\WORK\NTT_DATA\entregableFinal\MICROSERVICES\microservice_customer_service)
2025-02-25 01:04:43 [restartedMain] INFO  c.s.b.BootcampMicroservicesApplication - No active profile set, falling back to 1 default profile: "default"
2025-02-25 01:04:43 [restartedMain] INFO  o.s.d.r.c.RepositoryConfigurationDelegate - Multiple Spring Data modules found, entering strict repository configuration mode!
2025-02-25 01:04:43 [restartedMain] INFO  o.s.d.r.c.RepositoryConfigurationDelegate - Bootstrapping Spring Data Reactive MongoDB repositories in DEFAULT mode.
2025-02-25 01:04:43 [restartedMain] INFO  o.s.d.r.c.RepositoryConfigurationDelegate - Finished Spring Data repository scanning in 6 ms. Found 1 Reactive MongoDB repository interfaces.
2025-02-25 01:04:44 [restartedMain] INFO  o.s.b.w.e.tomcat.TomcatWebServer - Tomcat initialized with port(s): 9001 (http)
2025-02-25 01:04:44 [restartedMain] INFO  o.a.coyote.http11.Http11NioProtocol - Initializing ProtocolHandler ["http-nio-9001"]
2025-02-25 01:04:44 [restartedMain] INFO  o.a.catalina.core.StandardService - Starting service [Tomcat]
2025-02-25 01:04:44 [restartedMain] INFO  o.a.catalina.core.StandardEngine - Starting Servlet engine: [Apache Tomcat/9.0.60]
2025-02-25 01:04:44 [restartedMain] INFO  o.a.c.c.C.[Tomcat].[localhost].[/] - Initializing Spring embedded WebApplicationContext
2025-02-25 01:04:44 [restartedMain] INFO  o.s.b.w.s.c.ServletWebServerApplicationContext - Root WebApplicationContext: initialization completed in 239 ms
2025-02-25 01:04:44 [restartedMain] INFO  org.mongodb.driver.cluster - Cluster created with settings {hosts=[localhost:27017], mode=SINGLE, requiredClusterType=UNKNOWN, serverSelectionTimeout='30000 ms'}
2025-02-25 01:04:44 [cluster-rtt-ClusterId{value='67bd5d7c14e40e4fee446155', description='null'}-localhost:27017] INFO  org.mongodb.driver.connection - Opened connection [connectionId{localValue:5, serverValue:540}] to localhost:27017
2025-02-25 01:04:44 [cluster-ClusterId{value='67bd5d7c14e40e4fee446155', description='null'}-localhost:27017] INFO  org.mongodb.driver.connection - Opened connection [connectionId{localValue:4, serverValue:539}] to localhost:27017
2025-02-25 01:04:44 [cluster-ClusterId{value='67bd5d7c14e40e4fee446155', description='null'}-localhost:27017] INFO  org.mongodb.driver.cluster - Monitor thread successfully connected to server with description ServerDescription{address=localhost:27017, type=STANDALONE, state=CONNECTED, ok=true, minWireVersion=0, maxWireVersion=25, maxDocumentSize=16777216, logicalSessionTimeoutMinutes=30, roundTripTimeNanos=1712000}
2025-02-25 01:04:44 [restartedMain] INFO  o.s.b.d.a.OptionalLiveReloadServer - LiveReload server is running on port 35729
2025-02-25 01:04:44 [restartedMain] INFO  o.a.coyote.http11.Http11NioProtocol - Starting ProtocolHandler ["http-nio-9001"]
2025-02-25 01:04:44 [restartedMain] INFO  o.s.b.w.e.tomcat.TomcatWebServer - Tomcat started on port(s): 9001 (http) with context path ''
2025-02-25 01:04:44 [restartedMain] INFO  c.s.b.BootcampMicroservicesApplication - Started BootcampMicroservicesApplication in 0.447 seconds (JVM running for 6841.87)
2025-02-25 01:04:44 [restartedMain] INFO  o.s.b.d.a.ConditionEvaluationDeltaLoggingListener - Condition evaluation unchanged
2025-02-25 01:04:45 [restartedMain] INFO  c.s.b.BootcampMicroservicesApplication - Starting BootcampMicroservicesApplication using Java 17.0.2 on DESKTOP-9I11CUN with PID 27340 (D:\WORK\NTT_DATA\entregableFinal\MICROSERVICES\microservice_customer_service\target\classes started by coyaks in D:\WORK\NTT_DATA\entregableFinal\MICROSERVICES\microservice_customer_service)
2025-02-25 01:04:45 [restartedMain] INFO  c.s.b.BootcampMicroservicesApplication - No active profile set, falling back to 1 default profile: "default"
2025-02-25 01:04:45 [restartedMain] INFO  o.s.d.r.c.RepositoryConfigurationDelegate - Multiple Spring Data modules found, entering strict repository configuration mode!
2025-02-25 01:04:45 [restartedMain] INFO  o.s.d.r.c.RepositoryConfigurationDelegate - Bootstrapping Spring Data Reactive MongoDB repositories in DEFAULT mode.
2025-02-25 01:04:45 [restartedMain] INFO  o.s.d.r.c.RepositoryConfigurationDelegate - Finished Spring Data repository scanning in 4 ms. Found 1 Reactive MongoDB repository interfaces.
2025-02-25 01:04:45 [restartedMain] INFO  o.s.b.w.e.tomcat.TomcatWebServer - Tomcat initialized with port(s): 9001 (http)
2025-02-25 01:04:45 [restartedMain] INFO  o.a.coyote.http11.Http11NioProtocol - Initializing ProtocolHandler ["http-nio-9001"]
2025-02-25 01:04:45 [restartedMain] INFO  o.a.catalina.core.StandardService - Starting service [Tomcat]
2025-02-25 01:04:45 [restartedMain] INFO  o.a.catalina.core.StandardEngine - Starting Servlet engine: [Apache Tomcat/9.0.60]
2025-02-25 01:04:45 [restartedMain] INFO  o.a.c.c.C.[Tomcat].[localhost].[/] - Initializing Spring embedded WebApplicationContext
2025-02-25 01:04:45 [restartedMain] INFO  o.s.b.w.s.c.ServletWebServerApplicationContext - Root WebApplicationContext: initialization completed in 137 ms
2025-02-25 01:04:45 [restartedMain] INFO  org.mongodb.driver.cluster - Cluster created with settings {hosts=[localhost:27017], mode=SINGLE, requiredClusterType=UNKNOWN, serverSelectionTimeout='30000 ms'}
2025-02-25 01:04:45 [cluster-ClusterId{value='67bd5d7d14e40e4fee446156', description='null'}-localhost:27017] INFO  org.mongodb.driver.connection - Opened connection [connectionId{localValue:6, serverValue:541}] to localhost:27017
2025-02-25 01:04:45 [cluster-rtt-ClusterId{value='67bd5d7d14e40e4fee446156', description='null'}-localhost:27017] INFO  org.mongodb.driver.connection - Opened connection [connectionId{localValue:7, serverValue:542}] to localhost:27017
2025-02-25 01:04:45 [cluster-ClusterId{value='67bd5d7d14e40e4fee446156', description='null'}-localhost:27017] INFO  org.mongodb.driver.cluster - Monitor thread successfully connected to server with description ServerDescription{address=localhost:27017, type=STANDALONE, state=CONNECTED, ok=true, minWireVersion=0, maxWireVersion=25, maxDocumentSize=16777216, logicalSessionTimeoutMinutes=30, roundTripTimeNanos=1490200}
2025-02-25 01:04:45 [restartedMain] INFO  o.s.b.d.a.OptionalLiveReloadServer - LiveReload server is running on port 35729
2025-02-25 01:04:45 [restartedMain] INFO  o.a.coyote.http11.Http11NioProtocol - Starting ProtocolHandler ["http-nio-9001"]
2025-02-25 01:04:45 [restartedMain] INFO  o.s.b.w.e.tomcat.TomcatWebServer - Tomcat started on port(s): 9001 (http) with context path ''
2025-02-25 01:04:45 [restartedMain] INFO  c.s.b.BootcampMicroservicesApplication - Started BootcampMicroservicesApplication in 0.245 seconds (JVM running for 6843.577)
2025-02-25 01:04:45 [restartedMain] INFO  o.s.b.d.a.ConditionEvaluationDeltaLoggingListener - Condition evaluation unchanged
2025-02-25 01:30:35 [http-nio-9001-exec-1] INFO  o.a.c.c.C.[Tomcat].[localhost].[/] - Initializing Spring DispatcherServlet 'dispatcherServlet'
2025-02-25 01:30:35 [http-nio-9001-exec-1] INFO  o.s.web.servlet.DispatcherServlet - Initializing Servlet 'dispatcherServlet'
2025-02-25 01:30:35 [http-nio-9001-exec-1] INFO  o.s.web.servlet.DispatcherServlet - Completed initialization in 1 ms
2025-02-25 01:30:35 [http-nio-9001-exec-1] INFO  c.s.b.controller.CustomerController - Fetching customer with ID: 67bc5049652bf702f7552f25
2025-02-25 01:30:35 [Thread-16] INFO  org.mongodb.driver.connection - Opened connection [connectionId{localValue:8, serverValue:556}] to localhost:27017
2025-02-25 01:30:35 [Thread-16] INFO  c.s.b.controller.CustomerController - Customer found: CustomerDTO(id=67bc5049652bf702f7552f25, customerType=PERSONAL, name=Coyaks, surname=Perez, documentType=DNI, documentNumber=12345678, email=coyaks@example.com, phone=999999999)
2025-02-25 01:36:50 [http-nio-9001-exec-4] INFO  c.s.b.controller.CustomerController - Fetching customer with ID: 67bc5049652bf702f7552f25
2025-02-25 01:36:50 [Thread-15] INFO  c.s.b.controller.CustomerController - Customer found: CustomerDTO(id=67bc5049652bf702f7552f25, customerType=PERSONAL, name=Coyaks, surname=Perez, documentType=DNI, documentNumber=12345678, email=coyaks@example.com, phone=999999999)
2025-02-25 01:37:54 [http-nio-9001-exec-6] INFO  c.s.b.controller.CustomerController - Fetching customer with ID: 67bc5049652bf702f7552f25
2025-02-25 01:37:54 [Thread-16] INFO  c.s.b.controller.CustomerController - Customer found: CustomerDTO(id=67bc5049652bf702f7552f25, customerType=PERSONAL, name=Coyaks, surname=Perez, documentType=DNI, documentNumber=12345678, email=coyaks@example.com, phone=999999999)
2025-02-25 01:40:37 [http-nio-9001-exec-10] INFO  c.s.b.controller.CustomerController - Fetching customer with ID: 67bc5049652bf702f7552f25
2025-02-25 01:40:37 [Thread-15] INFO  c.s.b.controller.CustomerController - Customer found: CustomerDTO(id=67bc5049652bf702f7552f25, customerType=PERSONAL, name=Coyaks, surname=Perez, documentType=DNI, documentNumber=12345678, email=coyaks@example.com, phone=999999999)
2025-02-25 01:42:15 [http-nio-9001-exec-3] INFO  c.s.b.controller.CustomerController - Fetching customer with ID: 67bc5049652bf702f7552f25
2025-02-25 01:42:15 [Thread-16] INFO  c.s.b.controller.CustomerController - Customer found: CustomerDTO(id=67bc5049652bf702f7552f25, customerType=PERSONAL, name=Coyaks, surname=Perez, documentType=DNI, documentNumber=12345678, email=coyaks@example.com, phone=999999999)
2025-02-25 01:44:50 [http-nio-9001-exec-7] INFO  c.s.b.controller.CustomerController - Fetching customer with ID: 67bc5049652bf702f7552f25
2025-02-25 01:44:50 [Thread-15] INFO  c.s.b.controller.CustomerController - Customer found: CustomerDTO(id=67bc5049652bf702f7552f25, customerType=PERSONAL, name=Coyaks, surname=Perez, documentType=DNI, documentNumber=12345678, email=coyaks@example.com, phone=999999999)
2025-02-25 01:46:00 [http-nio-9001-exec-9] INFO  c.s.b.controller.CustomerController - Fetching customer with ID: 67bc5049652bf702f7552f250
2025-02-25 02:14:29 [http-nio-9001-exec-3] INFO  c.s.b.controller.CustomerController - Fetching all customers
2025-02-25 02:14:29 [Thread-16] INFO  c.s.b.controller.CustomerController - Customer found: CustomerDTO(id=67bc5049652bf702f7552f25, customerType=PERSONAL, name=Coyaks, surname=Perez, documentType=DNI, documentNumber=12345678, email=coyaks@example.com, phone=999999999)
2025-02-25 02:14:29 [Thread-16] INFO  c.s.b.controller.CustomerController - All customers fetched successfully.
2025-02-25 03:13:13 [http-nio-9001-exec-7] INFO  c.s.b.controller.CustomerController - Fetching customer with ID: 67bc5049652bf702f7552f25
2025-02-25 03:13:13 [Thread-15] INFO  c.s.b.controller.CustomerController - Customer found: CustomerDTO(id=67bc5049652bf702f7552f25, customerType=PERSONAL, name=Coyaks, surname=Perez, documentType=DNI, documentNumber=12345678, email=coyaks@example.com, phone=999999999)
2025-02-25 03:13:25 [http-nio-9001-exec-8] INFO  c.s.b.controller.CustomerController - Fetching customer with ID: 67bc5049652bf702f7552f25
2025-02-25 03:13:26 [Thread-16] INFO  c.s.b.controller.CustomerController - Customer found: CustomerDTO(id=67bc5049652bf702f7552f25, customerType=PERSONAL, name=Coyaks, surname=Perez, documentType=DNI, documentNumber=12345678, email=coyaks@example.com, phone=999999999)
2025-02-25 03:13:28 [http-nio-9001-exec-10] INFO  c.s.b.controller.CustomerController - Fetching customer with ID: 67bc5049652bf702f7552f25
2025-02-25 03:13:28 [Thread-15] INFO  c.s.b.controller.CustomerController - Customer found: CustomerDTO(id=67bc5049652bf702f7552f25, customerType=PERSONAL, name=Coyaks, surname=Perez, documentType=DNI, documentNumber=12345678, email=coyaks@example.com, phone=999999999)
2025-02-25 03:15:19 [http-nio-9001-exec-4] INFO  c.s.b.controller.CustomerController - Fetching customer with ID: 67bc5049652bf702f7552f25
2025-02-25 03:15:19 [Thread-16] INFO  c.s.b.controller.CustomerController - Customer found: CustomerDTO(id=67bc5049652bf702f7552f25, customerType=PERSONAL, name=Coyaks, surname=Perez, documentType=DNI, documentNumber=12345678, email=coyaks@example.com, phone=999999999)
2025-02-25 11:03:17 [restartedMain] INFO  c.s.b.BootcampMicroservicesApplication - Starting BootcampMicroservicesApplication using Java 17.0.2 on DESKTOP-9I11CUN with PID 7076 (D:\WORK\NTT_DATA\entregableFinal\MICROSERVICES\microservice_customer_service\target\classes started by coyaks in D:\WORK\NTT_DATA\entregableFinal\MICROSERVICES\microservice_customer_service)
2025-02-25 11:03:17 [restartedMain] INFO  c.s.b.BootcampMicroservicesApplication - No active profile set, falling back to 1 default profile: "default"
2025-02-25 11:03:17 [restartedMain] INFO  o.s.b.d.e.DevToolsPropertyDefaultsPostProcessor - Devtools property defaults active! Set 'spring.devtools.add-properties' to 'false' to disable
2025-02-25 11:03:17 [restartedMain] INFO  o.s.b.d.e.DevToolsPropertyDefaultsPostProcessor - For additional web related logging consider setting the 'logging.level.web' property to 'DEBUG'
2025-02-25 11:03:18 [restartedMain] INFO  o.s.d.r.c.RepositoryConfigurationDelegate - Multiple Spring Data modules found, entering strict repository configuration mode!
2025-02-25 11:03:18 [restartedMain] INFO  o.s.d.r.c.RepositoryConfigurationDelegate - Bootstrapping Spring Data Reactive MongoDB repositories in DEFAULT mode.
2025-02-25 11:03:18 [restartedMain] INFO  o.s.d.r.c.RepositoryConfigurationDelegate - Finished Spring Data repository scanning in 111 ms. Found 1 Reactive MongoDB repository interfaces.
2025-02-25 11:03:18 [restartedMain] INFO  o.s.b.w.e.tomcat.TomcatWebServer - Tomcat initialized with port(s): 9001 (http)
2025-02-25 11:03:18 [restartedMain] INFO  o.a.coyote.http11.Http11NioProtocol - Initializing ProtocolHandler ["http-nio-9001"]
2025-02-25 11:03:18 [restartedMain] INFO  o.a.catalina.core.StandardService - Starting service [Tomcat]
2025-02-25 11:03:18 [restartedMain] INFO  o.a.catalina.core.StandardEngine - Starting Servlet engine: [Apache Tomcat/9.0.60]
2025-02-25 11:03:19 [restartedMain] INFO  o.a.c.c.C.[Tomcat].[localhost].[/] - Initializing Spring embedded WebApplicationContext
2025-02-25 11:03:19 [restartedMain] INFO  o.s.b.w.s.c.ServletWebServerApplicationContext - Root WebApplicationContext: initialization completed in 1447 ms
2025-02-25 11:03:19 [restartedMain] INFO  org.mongodb.driver.cluster - Cluster created with settings {hosts=[localhost:27017], mode=SINGLE, requiredClusterType=UNKNOWN, serverSelectionTimeout='30000 ms'}
2025-02-25 11:03:19 [cluster-ClusterId{value='67bde9c7bd9b89298cf1229c', description='null'}-localhost:27017] INFO  org.mongodb.driver.connection - Opened connection [connectionId{localValue:2, serverValue:2}] to localhost:27017
2025-02-25 11:03:19 [cluster-rtt-ClusterId{value='67bde9c7bd9b89298cf1229c', description='null'}-localhost:27017] INFO  org.mongodb.driver.connection - Opened connection [connectionId{localValue:1, serverValue:1}] to localhost:27017
2025-02-25 11:03:19 [cluster-ClusterId{value='67bde9c7bd9b89298cf1229c', description='null'}-localhost:27017] INFO  org.mongodb.driver.cluster - Monitor thread successfully connected to server with description ServerDescription{address=localhost:27017, type=STANDALONE, state=CONNECTED, ok=true, minWireVersion=0, maxWireVersion=25, maxDocumentSize=16777216, logicalSessionTimeoutMinutes=30, roundTripTimeNanos=24126300}
2025-02-25 11:03:19 [restartedMain] INFO  o.s.b.d.a.OptionalLiveReloadServer - LiveReload server is running on port 35729
2025-02-25 11:03:19 [restartedMain] INFO  o.a.coyote.http11.Http11NioProtocol - Starting ProtocolHandler ["http-nio-9001"]
2025-02-25 11:03:19 [restartedMain] INFO  o.s.b.w.e.tomcat.TomcatWebServer - Tomcat started on port(s): 9001 (http) with context path ''
2025-02-25 11:03:19 [restartedMain] INFO  c.s.b.BootcampMicroservicesApplication - Started BootcampMicroservicesApplication in 2.633 seconds (JVM running for 3.57)
2025-02-25 11:04:37 [http-nio-9001-exec-1] INFO  o.a.c.c.C.[Tomcat].[localhost].[/] - Initializing Spring DispatcherServlet 'dispatcherServlet'
2025-02-25 11:04:37 [http-nio-9001-exec-1] INFO  o.s.web.servlet.DispatcherServlet - Initializing Servlet 'dispatcherServlet'
2025-02-25 11:04:37 [http-nio-9001-exec-1] INFO  o.s.web.servlet.DispatcherServlet - Completed initialization in 0 ms
2025-02-25 11:04:37 [http-nio-9001-exec-1] INFO  c.s.b.controller.CustomerController - Fetching all customers
2025-02-25 11:04:37 [Thread-16] INFO  org.mongodb.driver.connection - Opened connection [connectionId{localValue:3, serverValue:7}] to localhost:27017
2025-02-25 11:04:37 [Thread-16] INFO  c.s.b.controller.CustomerController - Customer found: CustomerDTO(id=67bc5049652bf702f7552f25, customerType=PERSONAL, name=Coyaks, surname=Perez, documentType=DNI, documentNumber=12345678, email=coyaks@example.com, phone=999999999)
2025-02-25 11:04:37 [Thread-16] INFO  c.s.b.controller.CustomerController - All customers fetched successfully.
2025-02-25 11:11:50 [http-nio-9001-exec-5] INFO  c.s.b.controller.CustomerController - Fetching customer with ID: 67bc5049652bf702f7552f25
2025-02-25 11:11:50 [Thread-13] INFO  c.s.b.controller.CustomerController - Customer found: CustomerDTO(id=67bc5049652bf702f7552f25, customerType=PERSONAL, name=Coyaks, surname=Perez, documentType=DNI, documentNumber=12345678, email=coyaks@example.com, phone=999999999)
2025-02-25 11:12:43 [http-nio-9001-exec-8] INFO  c.s.b.controller.CustomerController - Fetching customer with ID: 67bc5049652bf702f7552f25
2025-02-25 11:12:43 [Thread-16] INFO  c.s.b.controller.CustomerController - Customer found: CustomerDTO(id=67bc5049652bf702f7552f25, customerType=PERSONAL, name=Coyaks, surname=Perez, documentType=DNI, documentNumber=12345678, email=coyaks@example.com, phone=999999999)
2025-02-25 11:14:42 [http-nio-9001-exec-2] INFO  c.s.b.controller.CustomerController - Fetching customer with ID: 67bc5049652bf702f7552f25
2025-02-25 11:14:42 [Thread-16] INFO  c.s.b.controller.CustomerController - Customer found: CustomerDTO(id=67bc5049652bf702f7552f25, customerType=PERSONAL, name=Coyaks, surname=Perez, documentType=DNI, documentNumber=12345678, email=coyaks@example.com, phone=999999999)
2025-02-25 11:16:09 [http-nio-9001-exec-4] INFO  c.s.b.controller.CustomerController - Fetching customer with ID: 67bc5049652bf702f7552f25
2025-02-25 11:16:09 [Thread-13] INFO  c.s.b.controller.CustomerController - Customer found: CustomerDTO(id=67bc5049652bf702f7552f25, customerType=PERSONAL, name=Coyaks, surname=Perez, documentType=DNI, documentNumber=12345678, email=coyaks@example.com, phone=999999999)
2025-02-25 12:29:42 [http-nio-9001-exec-7] INFO  c.s.b.controller.CustomerController - Fetching customer with ID: 67bc5049652bf702f7552f25
2025-02-25 12:29:42 [Thread-13] INFO  c.s.b.controller.CustomerController - Customer found: CustomerDTO(id=67bc5049652bf702f7552f25, customerType=PERSONAL, name=Coyaks, surname=Perez, documentType=DNI, documentNumber=12345678, email=coyaks@example.com, phone=999999999)
2025-02-25 12:51:18 [http-nio-9001-exec-2] INFO  c.s.b.controller.CustomerController - Fetching all customers
2025-02-25 12:51:18 [Thread-16] INFO  c.s.b.controller.CustomerController - Customer found: CustomerDTO(id=67bc5049652bf702f7552f25, customerType=PERSONAL, name=Coyaks, surname=Perez, documentType=DNI, documentNumber=12345678, email=coyaks@example.com, phone=999999999)
2025-02-25 12:51:18 [Thread-16] INFO  c.s.b.controller.CustomerController - All customers fetched successfully.
2025-02-25 13:00:14 [restartedMain] INFO  c.s.b.BootcampMicroservicesApplication - Starting BootcampMicroservicesApplication using Java 17.0.2 on DESKTOP-9I11CUN with PID 12744 (D:\WORK\NTT_DATA\entregableFinal\MICROSERVICES\microservice_customer_service\target\classes started by coyaks in D:\WORK\NTT_DATA\entregableFinal\MICROSERVICES\microservice_customer_service)
2025-02-25 13:00:14 [restartedMain] INFO  c.s.b.BootcampMicroservicesApplication - No active profile set, falling back to 1 default profile: "default"
2025-02-25 13:00:14 [restartedMain] INFO  o.s.b.d.e.DevToolsPropertyDefaultsPostProcessor - Devtools property defaults active! Set 'spring.devtools.add-properties' to 'false' to disable
2025-02-25 13:00:14 [restartedMain] INFO  o.s.b.d.e.DevToolsPropertyDefaultsPostProcessor - For additional web related logging consider setting the 'logging.level.web' property to 'DEBUG'
2025-02-25 13:00:15 [restartedMain] INFO  o.s.d.r.c.RepositoryConfigurationDelegate - Multiple Spring Data modules found, entering strict repository configuration mode!
2025-02-25 13:00:15 [restartedMain] INFO  o.s.d.r.c.RepositoryConfigurationDelegate - Bootstrapping Spring Data Reactive MongoDB repositories in DEFAULT mode.
2025-02-25 13:00:15 [restartedMain] INFO  o.s.d.r.c.RepositoryConfigurationDelegate - Finished Spring Data repository scanning in 135 ms. Found 1 Reactive MongoDB repository interfaces.
2025-02-25 13:00:16 [restartedMain] INFO  o.s.b.w.e.tomcat.TomcatWebServer - Tomcat initialized with port(s): 9001 (http)
2025-02-25 13:00:16 [restartedMain] INFO  o.a.coyote.http11.Http11NioProtocol - Initializing ProtocolHandler ["http-nio-9001"]
2025-02-25 13:00:16 [restartedMain] INFO  o.a.catalina.core.StandardService - Starting service [Tomcat]
2025-02-25 13:00:16 [restartedMain] INFO  o.a.catalina.core.StandardEngine - Starting Servlet engine: [Apache Tomcat/9.0.60]
2025-02-25 13:00:16 [restartedMain] INFO  o.a.c.c.C.[Tomcat].[localhost].[/] - Initializing Spring embedded WebApplicationContext
2025-02-25 13:00:16 [restartedMain] INFO  o.s.b.w.s.c.ServletWebServerApplicationContext - Root WebApplicationContext: initialization completed in 1296 ms
2025-02-25 13:00:16 [restartedMain] INFO  org.mongodb.driver.cluster - Cluster created with settings {hosts=[localhost:27017], mode=SINGLE, requiredClusterType=UNKNOWN, serverSelectionTimeout='30000 ms'}
2025-02-25 13:00:16 [cluster-rtt-ClusterId{value='67be0530c3416f10105ad353', description='null'}-localhost:27017] INFO  org.mongodb.driver.connection - Opened connection [connectionId{localValue:1, serverValue:68}] to localhost:27017
2025-02-25 13:00:16 [cluster-ClusterId{value='67be0530c3416f10105ad353', description='null'}-localhost:27017] INFO  org.mongodb.driver.connection - Opened connection [connectionId{localValue:2, serverValue:67}] to localhost:27017
2025-02-25 13:00:16 [cluster-ClusterId{value='67be0530c3416f10105ad353', description='null'}-localhost:27017] INFO  org.mongodb.driver.cluster - Monitor thread successfully connected to server with description ServerDescription{address=localhost:27017, type=STANDALONE, state=CONNECTED, ok=true, minWireVersion=0, maxWireVersion=25, maxDocumentSize=16777216, logicalSessionTimeoutMinutes=30, roundTripTimeNanos=21864400}
2025-02-25 13:00:16 [restartedMain] INFO  o.s.b.d.a.OptionalLiveReloadServer - LiveReload server is running on port 35729
2025-02-25 13:00:16 [restartedMain] INFO  o.a.coyote.http11.Http11NioProtocol - Starting ProtocolHandler ["http-nio-9001"]
2025-02-25 13:00:16 [restartedMain] INFO  o.s.b.w.e.tomcat.TomcatWebServer - Tomcat started on port(s): 9001 (http) with context path ''
2025-02-25 13:00:16 [restartedMain] INFO  c.s.b.BootcampMicroservicesApplication - Started BootcampMicroservicesApplication in 2.464 seconds (JVM running for 3.223)
2025-02-25 13:00:18 [http-nio-9001-exec-2] INFO  o.a.c.c.C.[Tomcat].[localhost].[/] - Initializing Spring DispatcherServlet 'dispatcherServlet'
2025-02-25 13:00:18 [http-nio-9001-exec-2] INFO  o.s.web.servlet.DispatcherServlet - Initializing Servlet 'dispatcherServlet'
2025-02-25 13:00:18 [http-nio-9001-exec-2] INFO  o.s.web.servlet.DispatcherServlet - Completed initialization in 0 ms
2025-02-25 13:01:19 [restartedMain] INFO  c.s.b.BootcampMicroservicesApplication - Starting BootcampMicroservicesApplication using Java 17.0.2 on DESKTOP-9I11CUN with PID 6064 (D:\WORK\NTT_DATA\entregableFinal\MICROSERVICES\microservice_customer_service\target\classes started by coyaks in D:\WORK\NTT_DATA\entregableFinal\MICROSERVICES\microservice_customer_service)
2025-02-25 13:01:19 [restartedMain] INFO  c.s.b.BootcampMicroservicesApplication - No active profile set, falling back to 1 default profile: "default"
2025-02-25 13:01:19 [restartedMain] INFO  o.s.b.d.e.DevToolsPropertyDefaultsPostProcessor - Devtools property defaults active! Set 'spring.devtools.add-properties' to 'false' to disable
2025-02-25 13:01:19 [restartedMain] INFO  o.s.b.d.e.DevToolsPropertyDefaultsPostProcessor - For additional web related logging consider setting the 'logging.level.web' property to 'DEBUG'
2025-02-25 13:01:20 [restartedMain] INFO  o.s.d.r.c.RepositoryConfigurationDelegate - Multiple Spring Data modules found, entering strict repository configuration mode!
2025-02-25 13:01:20 [restartedMain] INFO  o.s.d.r.c.RepositoryConfigurationDelegate - Bootstrapping Spring Data Reactive MongoDB repositories in DEFAULT mode.
2025-02-25 13:01:20 [restartedMain] INFO  o.s.d.r.c.RepositoryConfigurationDelegate - Finished Spring Data repository scanning in 88 ms. Found 1 Reactive MongoDB repository interfaces.
2025-02-25 13:01:20 [restartedMain] INFO  o.s.b.w.e.tomcat.TomcatWebServer - Tomcat initialized with port(s): 9001 (http)
2025-02-25 13:01:20 [restartedMain] INFO  o.a.coyote.http11.Http11NioProtocol - Initializing ProtocolHandler ["http-nio-9001"]
2025-02-25 13:01:20 [restartedMain] INFO  o.a.catalina.core.StandardService - Starting service [Tomcat]
2025-02-25 13:01:20 [restartedMain] INFO  o.a.catalina.core.StandardEngine - Starting Servlet engine: [Apache Tomcat/9.0.60]
2025-02-25 13:01:20 [restartedMain] INFO  o.a.c.c.C.[Tomcat].[localhost].[/] - Initializing Spring embedded WebApplicationContext
2025-02-25 13:01:20 [restartedMain] INFO  o.s.b.w.s.c.ServletWebServerApplicationContext - Root WebApplicationContext: initialization completed in 879 ms
2025-02-25 13:01:20 [restartedMain] INFO  org.mongodb.driver.cluster - Cluster created with settings {hosts=[localhost:27017], mode=SINGLE, requiredClusterType=UNKNOWN, serverSelectionTimeout='30000 ms'}
2025-02-25 13:01:20 [cluster-ClusterId{value='67be057086d43e7cd15520cd', description='null'}-localhost:27017] INFO  org.mongodb.driver.connection - Opened connection [connectionId{localValue:1, serverValue:70}] to localhost:27017
2025-02-25 13:01:20 [cluster-rtt-ClusterId{value='67be057086d43e7cd15520cd', description='null'}-localhost:27017] INFO  org.mongodb.driver.connection - Opened connection [connectionId{localValue:2, serverValue:69}] to localhost:27017
2025-02-25 13:01:20 [cluster-ClusterId{value='67be057086d43e7cd15520cd', description='null'}-localhost:27017] INFO  org.mongodb.driver.cluster - Monitor thread successfully connected to server with description ServerDescription{address=localhost:27017, type=STANDALONE, state=CONNECTED, ok=true, minWireVersion=0, maxWireVersion=25, maxDocumentSize=16777216, logicalSessionTimeoutMinutes=30, roundTripTimeNanos=16193900}
2025-02-25 13:01:21 [restartedMain] INFO  o.s.b.d.a.OptionalLiveReloadServer - LiveReload server is running on port 35729
2025-02-25 13:01:21 [restartedMain] INFO  o.a.coyote.http11.Http11NioProtocol - Starting ProtocolHandler ["http-nio-9001"]
2025-02-25 13:01:21 [restartedMain] INFO  o.s.b.w.e.tomcat.TomcatWebServer - Tomcat started on port(s): 9001 (http) with context path ''
2025-02-25 13:01:21 [restartedMain] INFO  c.s.b.BootcampMicroservicesApplication - Started BootcampMicroservicesApplication in 1.831 seconds (JVM running for 2.595)
2025-02-25 13:01:22 [http-nio-9001-exec-1] INFO  o.a.c.c.C.[Tomcat].[localhost].[/] - Initializing Spring DispatcherServlet 'dispatcherServlet'
2025-02-25 13:01:22 [http-nio-9001-exec-1] INFO  o.s.web.servlet.DispatcherServlet - Initializing Servlet 'dispatcherServlet'
2025-02-25 13:01:22 [http-nio-9001-exec-1] INFO  o.s.web.servlet.DispatcherServlet - Completed initialization in 0 ms
2025-02-25 18:11:12 [http-nio-9001-exec-6] WARN  o.s.w.s.m.s.DefaultHandlerExceptionResolver - Resolved [org.springframework.http.converter.HttpMessageNotReadableException: JSON parse error: Cannot deserialize value of type `com.skoy.bootcamp_microservices.enums.CustomerTypeEnum` from String "PERSONAL1": not one of the values accepted for Enum class: [PERSONAL, EMPRESARIAL]; nested exception is com.fasterxml.jackson.databind.exc.InvalidFormatException: Cannot deserialize value of type `com.skoy.bootcamp_microservices.enums.CustomerTypeEnum` from String "PERSONAL1": not one of the values accepted for Enum class: [PERSONAL, EMPRESARIAL]<EOL> at [Source: (org.springframework.util.StreamUtils$NonClosingInputStream); line: 2, column: 21] (through reference chain: com.skoy.bootcamp_microservices.dto.CustomerDTO["customerType"])]
2025-02-25 18:11:21 [http-nio-9001-exec-8] INFO  c.s.b.controller.CustomerController - Fetching all customers
2025-02-25 18:11:21 [Thread-16] INFO  org.mongodb.driver.connection - Opened connection [connectionId{localValue:3, serverValue:71}] to localhost:27017
2025-02-25 18:11:21 [Thread-16] INFO  c.s.b.controller.CustomerController - Customer found: CustomerDTO(id=67bc5049652bf702f7552f25, customerType=PERSONAL, name=Coyaks, surname=Perez, documentType=DNI, documentNumber=12345678, email=coyaks@example.com, phone=999999999)
2025-02-25 18:11:21 [Thread-16] INFO  c.s.b.controller.CustomerController - All customers fetched successfully.
2025-02-25 18:11:27 [http-nio-9001-exec-10] INFO  c.s.b.controller.CustomerController - Fetching all customers
2025-02-25 18:11:27 [Thread-15] INFO  c.s.b.controller.CustomerController - Customer found: CustomerDTO(id=67bc5049652bf702f7552f25, customerType=PERSONAL, name=Coyaks, surname=Perez, documentType=DNI, documentNumber=12345678, email=coyaks@example.com, phone=999999999)
2025-02-25 18:11:27 [Thread-15] INFO  c.s.b.controller.CustomerController - All customers fetched successfully.
2025-02-25 18:15:30 [http-nio-9001-exec-5] INFO  c.s.b.controller.CustomerController - Fetching all customers
2025-02-25 18:15:30 [Thread-16] INFO  c.s.b.controller.CustomerController - Customer found: CustomerDTO(id=67bc5049652bf702f7552f25, customerType=PERSONAL, name=Coyaks, surname=Perez, documentType=DNI, documentNumber=12345678, email=coyaks@example.com, phone=999999999)
2025-02-25 18:15:30 [Thread-16] INFO  c.s.b.controller.CustomerController - All customers fetched successfully.
2025-02-25 18:25:25 [http-nio-9001-exec-9] INFO  c.s.b.controller.CustomerController - Fetching customer with ID: 67bc5049652bf702f7552f25
2025-02-25 18:25:25 [Thread-15] INFO  c.s.b.controller.CustomerController - Customer found: CustomerDTO(id=67bc5049652bf702f7552f25, customerType=PERSONAL, name=Coyaks, surname=Perez, documentType=DNI, documentNumber=12345678, email=coyaks@example.com, phone=999999999)
2025-02-25 18:28:13 [http-nio-9001-exec-1] INFO  c.s.b.controller.CustomerController - Fetching customer with ID: 67bc5049652bf702f7552f25
2025-02-25 18:28:13 [Thread-16] INFO  c.s.b.controller.CustomerController - Customer found: CustomerDTO(id=67bc5049652bf702f7552f25, customerType=PERSONAL, name=Coyaks, surname=Perez, documentType=DNI, documentNumber=12345678, email=coyaks@example.com, phone=999999999)
2025-02-25 18:28:16 [http-nio-9001-exec-4] INFO  c.s.b.controller.CustomerController - Fetching customer with ID: 67bc5049652bf702f7552f25
2025-02-25 18:28:16 [Thread-15] INFO  c.s.b.controller.CustomerController - Customer found: CustomerDTO(id=67bc5049652bf702f7552f25, customerType=PERSONAL, name=Coyaks, surname=Perez, documentType=DNI, documentNumber=12345678, email=coyaks@example.com, phone=999999999)
2025-02-25 18:28:28 [http-nio-9001-exec-6] INFO  c.s.b.controller.CustomerController - Fetching customer with ID: 67bc5049652bf702f7552f25
2025-02-25 18:28:28 [Thread-16] INFO  c.s.b.controller.CustomerController - Customer found: CustomerDTO(id=67bc5049652bf702f7552f25, customerType=PERSONAL, name=Coyaks, surname=Perez, documentType=DNI, documentNumber=12345678, email=coyaks@example.com, phone=999999999)
2025-02-25 18:43:19 [http-nio-9001-exec-9] INFO  c.s.b.controller.CustomerController - Fetching all customers
2025-02-25 18:43:19 [Thread-15] INFO  c.s.b.controller.CustomerController - Customer found: CustomerDTO(id=67bc5049652bf702f7552f25, customerType=PERSONAL, name=Coyaks, surname=Perez, documentType=DNI, documentNumber=12345678, email=coyaks@example.com, phone=999999999)
2025-02-25 18:43:19 [Thread-15] INFO  c.s.b.controller.CustomerController - All customers fetched successfully.
2025-02-25 18:45:38 [http-nio-9001-exec-5] INFO  c.s.b.controller.CustomerController - Creating new customer: CustomerDTO(id=null, customerType=PERSONAL, name=Felix, surname=Perez, documentType=DNI, documentNumber=88888888, email=felix@example.com, phone=999999999)
2025-02-25 18:45:38 [Thread-16] INFO  c.s.b.controller.CustomerController - Customer created successfully: CustomerDTO(id=67be562286d43e7cd15520ce, customerType=PERSONAL, name=Felix, surname=Perez, documentType=DNI, documentNumber=88888888, email=felix@example.com, phone=999999999)
2025-02-25 18:45:40 [http-nio-9001-exec-7] INFO  c.s.b.controller.CustomerController - Fetching all customers
2025-02-25 18:45:40 [Thread-15] INFO  c.s.b.controller.CustomerController - Customer found: CustomerDTO(id=67bc5049652bf702f7552f25, customerType=PERSONAL, name=Coyaks, surname=Perez, documentType=DNI, documentNumber=12345678, email=coyaks@example.com, phone=999999999)
2025-02-25 18:45:40 [Thread-15] INFO  c.s.b.controller.CustomerController - Customer found: CustomerDTO(id=67be562286d43e7cd15520ce, customerType=PERSONAL, name=Felix, surname=Perez, documentType=DNI, documentNumber=88888888, email=felix@example.com, phone=999999999)
2025-02-25 18:45:40 [Thread-15] INFO  c.s.b.controller.CustomerController - All customers fetched successfully.
2025-02-25 23:18:09 [http-nio-9001-exec-2] INFO  c.s.b.controller.CustomerController - Fetching all customers
2025-02-25 23:18:09 [Thread-16] INFO  c.s.b.controller.CustomerController - Customer found: CustomerDTO(id=67bc5049652bf702f7552f25, customerType=PERSONAL, name=Coyaks, surname=Perez, documentType=DNI, documentNumber=12345678, email=coyaks@example.com, phone=999999999)
2025-02-25 23:18:09 [Thread-16] INFO  c.s.b.controller.CustomerController - Customer found: CustomerDTO(id=67be562286d43e7cd15520ce, customerType=PERSONAL, name=Felix, surname=Perez, documentType=DNI, documentNumber=88888888, email=felix@example.com, phone=999999999)
2025-02-25 23:18:09 [Thread-16] INFO  c.s.b.controller.CustomerController - All customers fetched successfully.
2025-02-25 23:18:56 [http-nio-9001-exec-6] INFO  c.s.b.controller.CustomerController - Fetching all customers
2025-02-25 23:18:56 [Thread-15] INFO  c.s.b.controller.CustomerController - Customer found: CustomerDTO(id=67bc5049652bf702f7552f25, customerType=PERSONAL, name=Coyaks, surname=Perez, documentType=DNI, documentNumber=12345678, email=coyaks@example.com, phone=999999999)
2025-02-25 23:18:56 [Thread-15] INFO  c.s.b.controller.CustomerController - Customer found: CustomerDTO(id=67be562286d43e7cd15520ce, customerType=PERSONAL, name=Felix, surname=Perez, documentType=DNI, documentNumber=88888888, email=felix@example.com, phone=999999999)
2025-02-25 23:18:56 [Thread-15] INFO  c.s.b.controller.CustomerController - All customers fetched successfully.
2025-02-25 23:20:25 [http-nio-9001-exec-1] INFO  c.s.b.controller.CustomerController - Fetching all customers
2025-02-25 23:20:25 [Thread-16] INFO  c.s.b.controller.CustomerController - Customer found: CustomerDTO(id=67bc5049652bf702f7552f25, customerType=PERSONAL, name=Coyaks, surname=Perez, documentType=DNI, documentNumber=12345678, email=coyaks@example.com, phone=999999999)
2025-02-25 23:20:25 [Thread-16] INFO  c.s.b.controller.CustomerController - Customer found: CustomerDTO(id=67be562286d43e7cd15520ce, customerType=PERSONAL, name=Felix, surname=Perez, documentType=DNI, documentNumber=88888888, email=felix@example.com, phone=999999999)
2025-02-25 23:20:25 [Thread-16] INFO  c.s.b.controller.CustomerController - All customers fetched successfully.
2025-02-25 23:20:40 [http-nio-9001-exec-4] INFO  c.s.b.controller.CustomerController - Fetching customer with ID: 67be562286d43e7cd15520ce
2025-02-25 23:20:40 [Thread-15] INFO  c.s.b.controller.CustomerController - Customer found: CustomerDTO(id=67be562286d43e7cd15520ce, customerType=PERSONAL, name=Felix, surname=Perez, documentType=DNI, documentNumber=88888888, email=felix@example.com, phone=999999999)
2025-02-25 23:26:01 [http-nio-9001-exec-8] INFO  c.s.b.controller.CustomerController - Fetching customer with ID: 67be562286d43e7cd15520ce
2025-02-25 23:26:01 [Thread-16] INFO  c.s.b.controller.CustomerController - Customer found: CustomerDTO(id=67be562286d43e7cd15520ce, customerType=PERSONAL, name=Felix, surname=Perez, documentType=DNI, documentNumber=88888888, email=felix@example.com, phone=999999999)
